2018-06-30 11:45:56.860 INFO  com.ulisesbocchio.jasyptspringboot.configuration.EnableEncryptablePropertiesBeanFactoryPostProcessor Line:48  - Post-processing PropertySource instances
2018-06-30 11:45:56.918 INFO  com.ulisesbocchio.jasyptspringboot.EncryptablePropertySourceConverter Line:38  - Converting PropertySource configurationProperties [org.springframework.boot.context.properties.source.ConfigurationPropertySourcesPropertySource] to AOP Proxy
2018-06-30 11:45:56.919 INFO  com.ulisesbocchio.jasyptspringboot.EncryptablePropertySourceConverter Line:38  - Converting PropertySource bootstrap [org.springframework.core.env.MapPropertySource] to EncryptableMapPropertySourceWrapper
2018-06-30 11:45:56.919 INFO  com.ulisesbocchio.jasyptspringboot.EncryptablePropertySourceConverter Line:38  - Converting PropertySource systemProperties [org.springframework.core.env.MapPropertySource] to EncryptableMapPropertySourceWrapper
2018-06-30 11:45:56.921 INFO  com.ulisesbocchio.jasyptspringboot.EncryptablePropertySourceConverter Line:38  - Converting PropertySource systemEnvironment [org.springframework.boot.env.SystemEnvironmentPropertySourceEnvironmentPostProcessor$OriginAwareSystemEnvironmentPropertySource] to EncryptableMapPropertySourceWrapper
2018-06-30 11:45:56.921 INFO  com.ulisesbocchio.jasyptspringboot.EncryptablePropertySourceConverter Line:38  - Converting PropertySource random [org.springframework.boot.env.RandomValuePropertySource] to EncryptablePropertySourceWrapper
2018-06-30 11:45:56.921 INFO  com.ulisesbocchio.jasyptspringboot.EncryptablePropertySourceConverter Line:38  - Converting PropertySource springCloudClientHostInfo [org.springframework.core.env.MapPropertySource] to EncryptableMapPropertySourceWrapper
2018-06-30 11:45:56.921 INFO  com.ulisesbocchio.jasyptspringboot.EncryptablePropertySourceConverter Line:38  - Converting PropertySource applicationConfig: [classpath:/bootstrap-dev.properties] [org.springframework.boot.env.OriginTrackedMapPropertySource] to EncryptableMapPropertySourceWrapper
2018-06-30 11:45:56.921 INFO  com.ulisesbocchio.jasyptspringboot.EncryptablePropertySourceConverter Line:38  - Converting PropertySource applicationConfig: [classpath:/bootstrap.properties] [org.springframework.boot.env.OriginTrackedMapPropertySource] to EncryptableMapPropertySourceWrapper
2018-06-30 11:45:56.921 INFO  com.ulisesbocchio.jasyptspringboot.EncryptablePropertySourceConverter Line:38  - Converting PropertySource defaultProperties [org.springframework.core.env.MapPropertySource] to EncryptableMapPropertySourceWrapper
2018-06-30 11:45:57.046 INFO  com.ulisesbocchio.jasyptspringboot.resolver.DefaultLazyPropertyResolver Line:34  - Property Resolver custom Bean not found with name 'encryptablePropertyResolver'. Initializing Default Property Resolver
2018-06-30 11:45:57.048 INFO  com.ulisesbocchio.jasyptspringboot.detector.DefaultLazyPropertyDetector Line:31  - Property Detector custom Bean not found with name 'encryptablePropertyDetector'. Initializing Default Property Detector
2018-06-30 11:45:58.354 INFO  com.netflix.discovery.DiscoveryClient Line:349 - Initializing Eureka in region us-east-1
2018-06-30 11:45:58.614 INFO  com.netflix.discovery.provider.DiscoveryJerseyProvider Line:70  - Using JSON encoding codec LegacyJacksonJson
2018-06-30 11:45:58.614 INFO  com.netflix.discovery.provider.DiscoveryJerseyProvider Line:71  - Using JSON decoding codec LegacyJacksonJson
2018-06-30 11:45:58.699 INFO  com.netflix.discovery.provider.DiscoveryJerseyProvider Line:80  - Using XML encoding codec XStreamXml
2018-06-30 11:45:58.700 INFO  com.netflix.discovery.provider.DiscoveryJerseyProvider Line:81  - Using XML decoding codec XStreamXml
2018-06-30 11:45:58.907 INFO  com.netflix.discovery.shared.resolver.aws.ConfigClusterResolver Line:43  - Resolving eureka endpoints via configuration
2018-06-30 11:45:59.014 INFO  com.netflix.discovery.DiscoveryClient Line:958 - Disable delta property : false
2018-06-30 11:45:59.015 INFO  com.netflix.discovery.DiscoveryClient Line:959 - Single vip registry refresh property : null
2018-06-30 11:45:59.015 INFO  com.netflix.discovery.DiscoveryClient Line:960 - Force full registry fetch : false
2018-06-30 11:45:59.015 INFO  com.netflix.discovery.DiscoveryClient Line:961 - Application is null : false
2018-06-30 11:45:59.016 INFO  com.netflix.discovery.DiscoveryClient Line:962 - Registered Applications size is zero : true
2018-06-30 11:45:59.016 INFO  com.netflix.discovery.DiscoveryClient Line:964 - Application version is -1: true
2018-06-30 11:45:59.016 INFO  com.netflix.discovery.DiscoveryClient Line:1047 - Getting all instance registry info from the eureka server
2018-06-30 11:45:59.218 INFO  com.netflix.discovery.DiscoveryClient Line:1056 - The response status is 200
2018-06-30 11:45:59.221 INFO  com.netflix.discovery.DiscoveryClient Line:1311 - Not registering with Eureka server per configuration
2018-06-30 11:45:59.229 INFO  com.netflix.discovery.DiscoveryClient Line:449 - Discovery Client initialized at timestamp 1530330359228 with initial instances count: 0
2018-06-30 11:46:05.536 INFO  com.netflix.discovery.DiscoveryClient Line:888 - Shutting down DiscoveryClient ...
2018-06-30 11:46:05.558 INFO  com.netflix.discovery.DiscoveryClient Line:911 - Completed shut down of DiscoveryClient
2018-06-30 11:46:20.578 INFO  com.ulisesbocchio.jasyptspringboot.configuration.EnableEncryptablePropertiesBeanFactoryPostProcessor Line:48  - Post-processing PropertySource instances
2018-06-30 11:46:20.683 INFO  com.ulisesbocchio.jasyptspringboot.EncryptablePropertySourceConverter Line:38  - Converting PropertySource configurationProperties [org.springframework.boot.context.properties.source.ConfigurationPropertySourcesPropertySource] to AOP Proxy
2018-06-30 11:46:20.687 INFO  com.ulisesbocchio.jasyptspringboot.EncryptablePropertySourceConverter Line:38  - Converting PropertySource bootstrap [org.springframework.core.env.MapPropertySource] to EncryptableMapPropertySourceWrapper
2018-06-30 11:46:20.687 INFO  com.ulisesbocchio.jasyptspringboot.EncryptablePropertySourceConverter Line:38  - Converting PropertySource systemProperties [org.springframework.core.env.MapPropertySource] to EncryptableMapPropertySourceWrapper
2018-06-30 11:46:20.688 INFO  com.ulisesbocchio.jasyptspringboot.EncryptablePropertySourceConverter Line:38  - Converting PropertySource systemEnvironment [org.springframework.boot.env.SystemEnvironmentPropertySourceEnvironmentPostProcessor$OriginAwareSystemEnvironmentPropertySource] to EncryptableMapPropertySourceWrapper
2018-06-30 11:46:20.690 INFO  com.ulisesbocchio.jasyptspringboot.EncryptablePropertySourceConverter Line:38  - Converting PropertySource random [org.springframework.boot.env.RandomValuePropertySource] to EncryptablePropertySourceWrapper
2018-06-30 11:46:20.690 INFO  com.ulisesbocchio.jasyptspringboot.EncryptablePropertySourceConverter Line:38  - Converting PropertySource springCloudClientHostInfo [org.springframework.core.env.MapPropertySource] to EncryptableMapPropertySourceWrapper
2018-06-30 11:46:20.690 INFO  com.ulisesbocchio.jasyptspringboot.EncryptablePropertySourceConverter Line:38  - Converting PropertySource applicationConfig: [classpath:/bootstrap-dev.properties] [org.springframework.boot.env.OriginTrackedMapPropertySource] to EncryptableMapPropertySourceWrapper
2018-06-30 11:46:20.691 INFO  com.ulisesbocchio.jasyptspringboot.EncryptablePropertySourceConverter Line:38  - Converting PropertySource applicationConfig: [classpath:/bootstrap.properties] [org.springframework.boot.env.OriginTrackedMapPropertySource] to EncryptableMapPropertySourceWrapper
2018-06-30 11:46:20.691 INFO  com.ulisesbocchio.jasyptspringboot.EncryptablePropertySourceConverter Line:38  - Converting PropertySource defaultProperties [org.springframework.core.env.MapPropertySource] to EncryptableMapPropertySourceWrapper
2018-06-30 11:46:20.941 INFO  com.ulisesbocchio.jasyptspringboot.resolver.DefaultLazyPropertyResolver Line:34  - Property Resolver custom Bean not found with name 'encryptablePropertyResolver'. Initializing Default Property Resolver
2018-06-30 11:46:20.944 INFO  com.ulisesbocchio.jasyptspringboot.detector.DefaultLazyPropertyDetector Line:31  - Property Detector custom Bean not found with name 'encryptablePropertyDetector'. Initializing Default Property Detector
2018-06-30 11:46:22.486 INFO  com.netflix.discovery.DiscoveryClient Line:349 - Initializing Eureka in region us-east-1
2018-06-30 11:46:22.996 INFO  com.netflix.discovery.provider.DiscoveryJerseyProvider Line:70  - Using JSON encoding codec LegacyJacksonJson
2018-06-30 11:46:22.997 INFO  com.netflix.discovery.provider.DiscoveryJerseyProvider Line:71  - Using JSON decoding codec LegacyJacksonJson
2018-06-30 11:46:23.172 INFO  com.netflix.discovery.provider.DiscoveryJerseyProvider Line:80  - Using XML encoding codec XStreamXml
2018-06-30 11:46:23.173 INFO  com.netflix.discovery.provider.DiscoveryJerseyProvider Line:81  - Using XML decoding codec XStreamXml
2018-06-30 11:46:23.574 INFO  com.netflix.discovery.shared.resolver.aws.ConfigClusterResolver Line:43  - Resolving eureka endpoints via configuration
2018-06-30 11:46:23.783 INFO  com.netflix.discovery.DiscoveryClient Line:958 - Disable delta property : false
2018-06-30 11:46:23.784 INFO  com.netflix.discovery.DiscoveryClient Line:959 - Single vip registry refresh property : null
2018-06-30 11:46:23.784 INFO  com.netflix.discovery.DiscoveryClient Line:960 - Force full registry fetch : false
2018-06-30 11:46:23.785 INFO  com.netflix.discovery.DiscoveryClient Line:961 - Application is null : false
2018-06-30 11:46:23.785 INFO  com.netflix.discovery.DiscoveryClient Line:962 - Registered Applications size is zero : true
2018-06-30 11:46:23.786 INFO  com.netflix.discovery.DiscoveryClient Line:964 - Application version is -1: true
2018-06-30 11:46:23.786 INFO  com.netflix.discovery.DiscoveryClient Line:1047 - Getting all instance registry info from the eureka server
2018-06-30 11:46:24.137 INFO  com.netflix.discovery.DiscoveryClient Line:1056 - The response status is 200
2018-06-30 11:46:24.142 INFO  com.netflix.discovery.DiscoveryClient Line:1311 - Not registering with Eureka server per configuration
2018-06-30 11:46:24.149 INFO  com.netflix.discovery.DiscoveryClient Line:449 - Discovery Client initialized at timestamp 1530330384147 with initial instances count: 1
2018-06-30 11:46:27.984 INFO  com.ulisesbocchio.jasyptspringboot.configuration.EnableEncryptablePropertiesConfiguration Line:70  - Bootstraping jasypt-string-boot auto configuration in context: auth-1
2018-06-30 11:46:27.984 INFO  com.iscas.cloud.quickframe.auth.AuthServerApplication Line:663 - The following profiles are active: dev
2018-06-30 11:46:31.663 INFO  com.ulisesbocchio.jasyptspringboot.configuration.EnableEncryptablePropertiesBeanFactoryPostProcessor Line:48  - Post-processing PropertySource instances
2018-06-30 11:46:31.683 INFO  com.ulisesbocchio.jasyptspringboot.EncryptablePropertySourceConverter Line:38  - Converting PropertySource bootstrapProperties [org.springframework.core.env.CompositePropertySource] to EncryptableEnumerablePropertySourceWrapper
2018-06-30 11:46:31.683 INFO  com.ulisesbocchio.jasyptspringboot.EncryptablePropertySourceConverter Line:38  - Converting PropertySource configurationProperties [org.springframework.boot.context.properties.source.ConfigurationPropertySourcesPropertySource] to AOP Proxy
2018-06-30 11:46:31.683 INFO  com.ulisesbocchio.jasyptspringboot.EncryptablePropertySourceConverter Line:38  - Converting PropertySource servletConfigInitParams [org.springframework.core.env.PropertySource$StubPropertySource] to EncryptablePropertySourceWrapper
2018-06-30 11:46:31.683 INFO  com.ulisesbocchio.jasyptspringboot.EncryptablePropertySourceConverter Line:38  - Converting PropertySource servletContextInitParams [org.springframework.core.env.PropertySource$StubPropertySource] to EncryptablePropertySourceWrapper
2018-06-30 11:46:31.683 INFO  com.ulisesbocchio.jasyptspringboot.EncryptablePropertySourceConverter Line:38  - Converting PropertySource systemProperties [org.springframework.core.env.MapPropertySource] to EncryptableMapPropertySourceWrapper
2018-06-30 11:46:31.683 INFO  com.ulisesbocchio.jasyptspringboot.EncryptablePropertySourceConverter Line:38  - Converting PropertySource systemEnvironment [org.springframework.boot.env.SystemEnvironmentPropertySourceEnvironmentPostProcessor$OriginAwareSystemEnvironmentPropertySource] to EncryptableMapPropertySourceWrapper
2018-06-30 11:46:31.683 INFO  com.ulisesbocchio.jasyptspringboot.EncryptablePropertySourceConverter Line:38  - Converting PropertySource random [org.springframework.boot.env.RandomValuePropertySource] to EncryptablePropertySourceWrapper
2018-06-30 11:46:31.684 INFO  com.ulisesbocchio.jasyptspringboot.EncryptablePropertySourceConverter Line:38  - Converting PropertySource springCloudClientHostInfo [org.springframework.core.env.MapPropertySource] to EncryptableMapPropertySourceWrapper
2018-06-30 11:46:31.684 INFO  com.ulisesbocchio.jasyptspringboot.EncryptablePropertySourceConverter Line:38  - Converting PropertySource defaultProperties [org.springframework.core.env.MapPropertySource] to EncryptableMapPropertySourceWrapper
2018-06-30 11:46:33.384 INFO  org.xnio Line:104 - XNIO version 3.3.8.Final
2018-06-30 11:46:33.399 INFO  org.xnio.nio Line:55  - XNIO NIO Implementation Version 3.3.8.Final
2018-06-30 11:46:33.505 INFO  io.undertow.servlet Line:360 - Initializing Spring embedded WebApplicationContext
2018-06-30 11:46:33.798 INFO  com.netflix.config.sources.URLConfigurationSource Line:122 - To enable URLs as dynamic configuration sources, define System property archaius.configurationSource.additionalUrls or make config.properties available on classpath.
2018-06-30 11:46:33.813 INFO  com.netflix.config.DynamicPropertyFactory Line:281 - DynamicPropertyFactory is initialized with configuration sources: com.netflix.config.ConcurrentCompositeConfiguration@116fc29e
2018-06-30 11:46:34.011 INFO  com.ulisesbocchio.jasyptspringboot.resolver.DefaultLazyPropertyResolver Line:34  - Property Resolver custom Bean not found with name 'encryptablePropertyResolver'. Initializing Default Property Resolver
2018-06-30 11:46:34.011 INFO  com.ulisesbocchio.jasyptspringboot.detector.DefaultLazyPropertyDetector Line:31  - Property Detector custom Bean not found with name 'encryptablePropertyDetector'. Initializing Default Property Detector
2018-06-30 11:46:43.594 INFO  springfox.documentation.spring.web.PropertySourcedRequestMappingHandlerMapping Line:69  - Mapped URL path [/v2/api-docs] onto method [public org.springframework.http.ResponseEntity<springfox.documentation.spring.web.json.Json> springfox.documentation.swagger2.web.Swagger2Controller.getDocumentation(java.lang.String,javax.servlet.http.HttpServletRequest)]
2018-06-30 11:46:43.646 INFO  com.netflix.config.sources.URLConfigurationSource Line:122 - To enable URLs as dynamic configuration sources, define System property archaius.configurationSource.additionalUrls or make config.properties available on classpath.
2018-06-30 11:46:46.134 INFO  com.netflix.discovery.DiscoveryClient Line:888 - Shutting down DiscoveryClient ...
2018-06-30 11:46:46.139 INFO  com.netflix.discovery.DiscoveryClient Line:911 - Completed shut down of DiscoveryClient
2018-06-30 11:46:49.224 INFO  com.ulisesbocchio.jasyptspringboot.configuration.EnableEncryptablePropertiesConfiguration Line:70  - Bootstraping jasypt-string-boot auto configuration in context: auth-1-1
2018-06-30 11:46:49.587 INFO  com.netflix.config.ChainedDynamicProperty Line:115 - Flipping property: auth.ribbon.ActiveConnectionsLimit to use NEXT property: niws.loadbalancer.availabilityFilteringRule.activeConnectionsLimit = 2147483647
2018-06-30 11:46:49.605 INFO  com.netflix.util.concurrent.ShutdownEnabledTimer Line:58  - Shutdown hook installed for: NFLoadBalancer-PingTimer-auth
2018-06-30 11:46:49.609 INFO  com.netflix.loadbalancer.BaseLoadBalancer Line:192 - Client: auth instantiated a LoadBalancer: DynamicServerListLoadBalancer:{NFLoadBalancer:name=auth,current list of Servers=[],Load balancer stats=Zone stats: {},Server stats: []}ServerList:null
2018-06-30 11:46:49.615 INFO  com.netflix.loadbalancer.DynamicServerListLoadBalancer Line:222 - Using serverListUpdater PollingServerListUpdater
2018-06-30 11:46:49.625 INFO  com.netflix.discovery.DiscoveryClient Line:349 - Initializing Eureka in region us-east-1
2018-06-30 11:46:49.627 INFO  com.netflix.discovery.provider.DiscoveryJerseyProvider Line:70  - Using JSON encoding codec LegacyJacksonJson
2018-06-30 11:46:49.628 INFO  com.netflix.discovery.provider.DiscoveryJerseyProvider Line:71  - Using JSON decoding codec LegacyJacksonJson
2018-06-30 11:46:49.628 INFO  com.netflix.discovery.provider.DiscoveryJerseyProvider Line:80  - Using XML encoding codec XStreamXml
2018-06-30 11:46:49.628 INFO  com.netflix.discovery.provider.DiscoveryJerseyProvider Line:81  - Using XML decoding codec XStreamXml
2018-06-30 11:46:49.696 INFO  com.netflix.discovery.shared.resolver.aws.ConfigClusterResolver Line:43  - Resolving eureka endpoints via configuration
2018-06-30 11:46:49.697 INFO  com.netflix.discovery.DiscoveryClient Line:958 - Disable delta property : false
2018-06-30 11:46:49.697 INFO  com.netflix.discovery.DiscoveryClient Line:959 - Single vip registry refresh property : null
2018-06-30 11:46:49.698 INFO  com.netflix.discovery.DiscoveryClient Line:960 - Force full registry fetch : false
2018-06-30 11:46:49.698 INFO  com.netflix.discovery.DiscoveryClient Line:961 - Application is null : false
2018-06-30 11:46:49.698 INFO  com.netflix.discovery.DiscoveryClient Line:962 - Registered Applications size is zero : true
2018-06-30 11:46:49.698 INFO  com.netflix.discovery.DiscoveryClient Line:964 - Application version is -1: true
2018-06-30 11:46:49.698 INFO  com.netflix.discovery.DiscoveryClient Line:1047 - Getting all instance registry info from the eureka server
2018-06-30 11:46:49.704 INFO  com.netflix.discovery.DiscoveryClient Line:1056 - The response status is 200
2018-06-30 11:46:49.705 INFO  com.netflix.discovery.DiscoveryClient Line:1264 - Starting heartbeat executor: renew interval is: 20
2018-06-30 11:46:49.707 INFO  com.netflix.discovery.InstanceInfoReplicator Line:60  - InstanceInfoReplicator onDemand update allowed rate per min is 4
2018-06-30 11:46:49.708 INFO  com.netflix.discovery.DiscoveryClient Line:449 - Discovery Client initialized at timestamp 1530330409708 with initial instances count: 1
2018-06-30 11:46:49.720 INFO  com.netflix.loadbalancer.DynamicServerListLoadBalancer Line:150 - DynamicServerListLoadBalancer for client auth initialized: DynamicServerListLoadBalancer:{NFLoadBalancer:name=auth,current list of Servers=[],Load balancer stats=Zone stats: {},Server stats: []}ServerList:org.springframework.cloud.netflix.ribbon.eureka.DomainExtractingServerList@5b5e45bc
2018-06-30 11:46:49.844 INFO  com.netflix.config.ChainedDynamicProperty Line:115 - Flipping property: pig-upms-service.ribbon.ActiveConnectionsLimit to use NEXT property: niws.loadbalancer.availabilityFilteringRule.activeConnectionsLimit = 2147483647
2018-06-30 11:46:49.854 INFO  com.netflix.util.concurrent.ShutdownEnabledTimer Line:58  - Shutdown hook installed for: NFLoadBalancer-PingTimer-pig-upms-service
2018-06-30 11:46:49.855 INFO  com.netflix.loadbalancer.BaseLoadBalancer Line:192 - Client: pig-upms-service instantiated a LoadBalancer: DynamicServerListLoadBalancer:{NFLoadBalancer:name=pig-upms-service,current list of Servers=[],Load balancer stats=Zone stats: {},Server stats: []}ServerList:null
2018-06-30 11:46:49.856 INFO  com.netflix.loadbalancer.DynamicServerListLoadBalancer Line:222 - Using serverListUpdater PollingServerListUpdater
2018-06-30 11:46:49.857 INFO  com.netflix.loadbalancer.DynamicServerListLoadBalancer Line:150 - DynamicServerListLoadBalancer for client pig-upms-service initialized: DynamicServerListLoadBalancer:{NFLoadBalancer:name=pig-upms-service,current list of Servers=[],Load balancer stats=Zone stats: {},Server stats: []}ServerList:org.springframework.cloud.netflix.ribbon.eureka.DomainExtractingServerList@5cbaafbd
2018-06-30 11:46:50.030 INFO  com.netflix.discovery.DiscoveryClient Line:1299 - Saw local status change event StatusChangeEvent [timestamp=1530330410030, current=UP, previous=STARTING]
2018-06-30 11:46:50.032 INFO  com.netflix.discovery.DiscoveryClient Line:826 - DiscoveryClient_AUTH/localhost:auth:1201: registering service...
2018-06-30 11:46:50.078 INFO  com.netflix.discovery.DiscoveryClient Line:835 - DiscoveryClient_AUTH/localhost:auth:1201 - registration status: 204
2018-06-30 11:46:50.104 INFO  springfox.documentation.spring.web.plugins.DocumentationPluginsBootstrapper Line:151 - Context refreshed
2018-06-30 11:46:50.121 INFO  springfox.documentation.spring.web.plugins.DocumentationPluginsBootstrapper Line:154 - Found 1 custom documentation plugin(s)
2018-06-30 11:46:50.169 INFO  springfox.documentation.spring.web.scanners.ApiListingReferenceScanner Line:41  - Scanning for api listing references
2018-06-30 11:46:50.240 INFO  com.iscas.cloud.quickframe.auth.AuthServerApplication Line:59  - Started AuthServerApplication in 33.062 seconds (JVM running for 34.988)
2018-06-30 11:46:50.934 INFO  io.undertow.servlet Line:360 - Initializing Spring FrameworkServlet 'dispatcherServlet'
2018-06-30 11:46:52.560 INFO  io.lettuce.core.EpollProvider Line:101 - Starting without optional epoll library
2018-06-30 11:46:52.562 INFO  io.lettuce.core.KqueueProvider Line:101 - Starting without optional kqueue library
2018-06-30 11:47:20.648 INFO  com.netflix.config.ChainedDynamicProperty Line:115 - Flipping property: auth.ribbon.ActiveConnectionsLimit to use NEXT property: niws.loadbalancer.availabilityFilteringRule.activeConnectionsLimit = 2147483647
2018-06-30 13:30:36.104 INFO  com.ulisesbocchio.jasyptspringboot.configuration.EnableEncryptablePropertiesBeanFactoryPostProcessor Line:48  - Post-processing PropertySource instances
2018-06-30 13:30:36.281 INFO  com.ulisesbocchio.jasyptspringboot.EncryptablePropertySourceConverter Line:38  - Converting PropertySource configurationProperties [org.springframework.boot.context.properties.source.ConfigurationPropertySourcesPropertySource] to AOP Proxy
2018-06-30 13:30:36.283 INFO  com.ulisesbocchio.jasyptspringboot.EncryptablePropertySourceConverter Line:38  - Converting PropertySource bootstrap [org.springframework.core.env.MapPropertySource] to EncryptableMapPropertySourceWrapper
2018-06-30 13:30:36.283 INFO  com.ulisesbocchio.jasyptspringboot.EncryptablePropertySourceConverter Line:38  - Converting PropertySource systemProperties [org.springframework.core.env.MapPropertySource] to EncryptableMapPropertySourceWrapper
2018-06-30 13:30:36.283 INFO  com.ulisesbocchio.jasyptspringboot.EncryptablePropertySourceConverter Line:38  - Converting PropertySource systemEnvironment [org.springframework.boot.env.SystemEnvironmentPropertySourceEnvironmentPostProcessor$OriginAwareSystemEnvironmentPropertySource] to EncryptableMapPropertySourceWrapper
2018-06-30 13:30:36.284 INFO  com.ulisesbocchio.jasyptspringboot.EncryptablePropertySourceConverter Line:38  - Converting PropertySource random [org.springframework.boot.env.RandomValuePropertySource] to EncryptablePropertySourceWrapper
2018-06-30 13:30:36.284 INFO  com.ulisesbocchio.jasyptspringboot.EncryptablePropertySourceConverter Line:38  - Converting PropertySource springCloudClientHostInfo [org.springframework.core.env.MapPropertySource] to EncryptableMapPropertySourceWrapper
2018-06-30 13:30:36.284 INFO  com.ulisesbocchio.jasyptspringboot.EncryptablePropertySourceConverter Line:38  - Converting PropertySource applicationConfig: [classpath:/bootstrap-dev.properties] [org.springframework.boot.env.OriginTrackedMapPropertySource] to EncryptableMapPropertySourceWrapper
2018-06-30 13:30:36.285 INFO  com.ulisesbocchio.jasyptspringboot.EncryptablePropertySourceConverter Line:38  - Converting PropertySource applicationConfig: [classpath:/bootstrap.properties] [org.springframework.boot.env.OriginTrackedMapPropertySource] to EncryptableMapPropertySourceWrapper
2018-06-30 13:30:36.285 INFO  com.ulisesbocchio.jasyptspringboot.EncryptablePropertySourceConverter Line:38  - Converting PropertySource defaultProperties [org.springframework.core.env.MapPropertySource] to EncryptableMapPropertySourceWrapper
2018-06-30 13:30:36.402 INFO  com.ulisesbocchio.jasyptspringboot.resolver.DefaultLazyPropertyResolver Line:34  - Property Resolver custom Bean not found with name 'encryptablePropertyResolver'. Initializing Default Property Resolver
2018-06-30 13:30:36.403 INFO  com.ulisesbocchio.jasyptspringboot.detector.DefaultLazyPropertyDetector Line:31  - Property Detector custom Bean not found with name 'encryptablePropertyDetector'. Initializing Default Property Detector
2018-06-30 13:30:37.690 INFO  com.netflix.discovery.DiscoveryClient Line:349 - Initializing Eureka in region us-east-1
2018-06-30 13:30:37.938 INFO  com.netflix.discovery.provider.DiscoveryJerseyProvider Line:70  - Using JSON encoding codec LegacyJacksonJson
2018-06-30 13:30:37.939 INFO  com.netflix.discovery.provider.DiscoveryJerseyProvider Line:71  - Using JSON decoding codec LegacyJacksonJson
2018-06-30 13:30:38.026 INFO  com.netflix.discovery.provider.DiscoveryJerseyProvider Line:80  - Using XML encoding codec XStreamXml
2018-06-30 13:30:38.027 INFO  com.netflix.discovery.provider.DiscoveryJerseyProvider Line:81  - Using XML decoding codec XStreamXml
2018-06-30 13:30:38.232 INFO  com.netflix.discovery.shared.resolver.aws.ConfigClusterResolver Line:43  - Resolving eureka endpoints via configuration
2018-06-30 13:30:38.326 INFO  com.netflix.discovery.DiscoveryClient Line:958 - Disable delta property : false
2018-06-30 13:30:38.326 INFO  com.netflix.discovery.DiscoveryClient Line:959 - Single vip registry refresh property : null
2018-06-30 13:30:38.326 INFO  com.netflix.discovery.DiscoveryClient Line:960 - Force full registry fetch : false
2018-06-30 13:30:38.326 INFO  com.netflix.discovery.DiscoveryClient Line:961 - Application is null : false
2018-06-30 13:30:38.327 INFO  com.netflix.discovery.DiscoveryClient Line:962 - Registered Applications size is zero : true
2018-06-30 13:30:38.327 INFO  com.netflix.discovery.DiscoveryClient Line:964 - Application version is -1: true
2018-06-30 13:30:38.327 INFO  com.netflix.discovery.DiscoveryClient Line:1047 - Getting all instance registry info from the eureka server
2018-06-30 13:30:38.521 INFO  com.netflix.discovery.DiscoveryClient Line:1056 - The response status is 200
2018-06-30 13:30:38.525 INFO  com.netflix.discovery.DiscoveryClient Line:1311 - Not registering with Eureka server per configuration
2018-06-30 13:30:38.530 INFO  com.netflix.discovery.DiscoveryClient Line:449 - Discovery Client initialized at timestamp 1530336638529 with initial instances count: 1
2018-06-30 13:30:41.863 INFO  com.ulisesbocchio.jasyptspringboot.configuration.EnableEncryptablePropertiesConfiguration Line:70  - Bootstraping jasypt-string-boot auto configuration in context: auth-1
2018-06-30 13:30:41.864 INFO  com.iscas.cloud.quickframe.auth.AuthServerApplication Line:663 - The following profiles are active: dev
2018-06-30 13:30:43.825 INFO  com.ulisesbocchio.jasyptspringboot.configuration.EnableEncryptablePropertiesBeanFactoryPostProcessor Line:48  - Post-processing PropertySource instances
2018-06-30 13:30:43.844 INFO  com.ulisesbocchio.jasyptspringboot.EncryptablePropertySourceConverter Line:38  - Converting PropertySource bootstrapProperties [org.springframework.core.env.CompositePropertySource] to EncryptableEnumerablePropertySourceWrapper
2018-06-30 13:30:43.844 INFO  com.ulisesbocchio.jasyptspringboot.EncryptablePropertySourceConverter Line:38  - Converting PropertySource configurationProperties [org.springframework.boot.context.properties.source.ConfigurationPropertySourcesPropertySource] to AOP Proxy
2018-06-30 13:30:43.844 INFO  com.ulisesbocchio.jasyptspringboot.EncryptablePropertySourceConverter Line:38  - Converting PropertySource servletConfigInitParams [org.springframework.core.env.PropertySource$StubPropertySource] to EncryptablePropertySourceWrapper
2018-06-30 13:30:43.845 INFO  com.ulisesbocchio.jasyptspringboot.EncryptablePropertySourceConverter Line:38  - Converting PropertySource servletContextInitParams [org.springframework.core.env.PropertySource$StubPropertySource] to EncryptablePropertySourceWrapper
2018-06-30 13:30:43.845 INFO  com.ulisesbocchio.jasyptspringboot.EncryptablePropertySourceConverter Line:38  - Converting PropertySource systemProperties [org.springframework.core.env.MapPropertySource] to EncryptableMapPropertySourceWrapper
2018-06-30 13:30:43.845 INFO  com.ulisesbocchio.jasyptspringboot.EncryptablePropertySourceConverter Line:38  - Converting PropertySource systemEnvironment [org.springframework.boot.env.SystemEnvironmentPropertySourceEnvironmentPostProcessor$OriginAwareSystemEnvironmentPropertySource] to EncryptableMapPropertySourceWrapper
2018-06-30 13:30:43.845 INFO  com.ulisesbocchio.jasyptspringboot.EncryptablePropertySourceConverter Line:38  - Converting PropertySource random [org.springframework.boot.env.RandomValuePropertySource] to EncryptablePropertySourceWrapper
2018-06-30 13:30:43.845 INFO  com.ulisesbocchio.jasyptspringboot.EncryptablePropertySourceConverter Line:38  - Converting PropertySource springCloudClientHostInfo [org.springframework.core.env.MapPropertySource] to EncryptableMapPropertySourceWrapper
2018-06-30 13:30:43.845 INFO  com.ulisesbocchio.jasyptspringboot.EncryptablePropertySourceConverter Line:38  - Converting PropertySource defaultProperties [org.springframework.core.env.MapPropertySource] to EncryptableMapPropertySourceWrapper
2018-06-30 13:30:44.484 INFO  org.xnio Line:104 - XNIO version 3.3.8.Final
2018-06-30 13:30:44.499 INFO  org.xnio.nio Line:55  - XNIO NIO Implementation Version 3.3.8.Final
2018-06-30 13:30:44.657 INFO  io.undertow.servlet Line:360 - Initializing Spring embedded WebApplicationContext
2018-06-30 13:30:44.953 INFO  com.netflix.config.sources.URLConfigurationSource Line:122 - To enable URLs as dynamic configuration sources, define System property archaius.configurationSource.additionalUrls or make config.properties available on classpath.
2018-06-30 13:30:44.963 INFO  com.netflix.config.DynamicPropertyFactory Line:281 - DynamicPropertyFactory is initialized with configuration sources: com.netflix.config.ConcurrentCompositeConfiguration@19ac93d2
2018-06-30 13:30:45.182 INFO  com.ulisesbocchio.jasyptspringboot.resolver.DefaultLazyPropertyResolver Line:34  - Property Resolver custom Bean not found with name 'encryptablePropertyResolver'. Initializing Default Property Resolver
2018-06-30 13:30:45.183 INFO  com.ulisesbocchio.jasyptspringboot.detector.DefaultLazyPropertyDetector Line:31  - Property Detector custom Bean not found with name 'encryptablePropertyDetector'. Initializing Default Property Detector
2018-06-30 13:30:51.682 INFO  springfox.documentation.spring.web.PropertySourcedRequestMappingHandlerMapping Line:69  - Mapped URL path [/v2/api-docs] onto method [public org.springframework.http.ResponseEntity<springfox.documentation.spring.web.json.Json> springfox.documentation.swagger2.web.Swagger2Controller.getDocumentation(java.lang.String,javax.servlet.http.HttpServletRequest)]
2018-06-30 13:30:51.734 INFO  com.netflix.config.sources.URLConfigurationSource Line:122 - To enable URLs as dynamic configuration sources, define System property archaius.configurationSource.additionalUrls or make config.properties available on classpath.
2018-06-30 13:30:53.554 INFO  com.netflix.discovery.DiscoveryClient Line:888 - Shutting down DiscoveryClient ...
2018-06-30 13:30:53.561 INFO  com.netflix.discovery.DiscoveryClient Line:911 - Completed shut down of DiscoveryClient
2018-06-30 13:30:56.885 INFO  com.ulisesbocchio.jasyptspringboot.configuration.EnableEncryptablePropertiesConfiguration Line:70  - Bootstraping jasypt-string-boot auto configuration in context: auth-1-1
2018-06-30 13:30:57.185 INFO  com.netflix.config.ChainedDynamicProperty Line:115 - Flipping property: auth.ribbon.ActiveConnectionsLimit to use NEXT property: niws.loadbalancer.availabilityFilteringRule.activeConnectionsLimit = 2147483647
2018-06-30 13:30:57.201 INFO  com.netflix.util.concurrent.ShutdownEnabledTimer Line:58  - Shutdown hook installed for: NFLoadBalancer-PingTimer-auth
2018-06-30 13:30:57.204 INFO  com.netflix.loadbalancer.BaseLoadBalancer Line:192 - Client: auth instantiated a LoadBalancer: DynamicServerListLoadBalancer:{NFLoadBalancer:name=auth,current list of Servers=[],Load balancer stats=Zone stats: {},Server stats: []}ServerList:null
2018-06-30 13:30:57.211 INFO  com.netflix.loadbalancer.DynamicServerListLoadBalancer Line:222 - Using serverListUpdater PollingServerListUpdater
2018-06-30 13:30:57.220 INFO  com.netflix.discovery.DiscoveryClient Line:349 - Initializing Eureka in region us-east-1
2018-06-30 13:30:57.222 INFO  com.netflix.discovery.provider.DiscoveryJerseyProvider Line:70  - Using JSON encoding codec LegacyJacksonJson
2018-06-30 13:30:57.223 INFO  com.netflix.discovery.provider.DiscoveryJerseyProvider Line:71  - Using JSON decoding codec LegacyJacksonJson
2018-06-30 13:30:57.223 INFO  com.netflix.discovery.provider.DiscoveryJerseyProvider Line:80  - Using XML encoding codec XStreamXml
2018-06-30 13:30:57.223 INFO  com.netflix.discovery.provider.DiscoveryJerseyProvider Line:81  - Using XML decoding codec XStreamXml
2018-06-30 13:30:57.301 INFO  com.netflix.discovery.shared.resolver.aws.ConfigClusterResolver Line:43  - Resolving eureka endpoints via configuration
2018-06-30 13:30:57.303 INFO  com.netflix.discovery.DiscoveryClient Line:958 - Disable delta property : false
2018-06-30 13:30:57.303 INFO  com.netflix.discovery.DiscoveryClient Line:959 - Single vip registry refresh property : null
2018-06-30 13:30:57.303 INFO  com.netflix.discovery.DiscoveryClient Line:960 - Force full registry fetch : false
2018-06-30 13:30:57.304 INFO  com.netflix.discovery.DiscoveryClient Line:961 - Application is null : false
2018-06-30 13:30:57.304 INFO  com.netflix.discovery.DiscoveryClient Line:962 - Registered Applications size is zero : true
2018-06-30 13:30:57.304 INFO  com.netflix.discovery.DiscoveryClient Line:964 - Application version is -1: true
2018-06-30 13:30:57.304 INFO  com.netflix.discovery.DiscoveryClient Line:1047 - Getting all instance registry info from the eureka server
2018-06-30 13:30:57.309 INFO  com.netflix.discovery.DiscoveryClient Line:1056 - The response status is 200
2018-06-30 13:30:57.309 INFO  com.netflix.discovery.DiscoveryClient Line:1264 - Starting heartbeat executor: renew interval is: 20
2018-06-30 13:30:57.311 INFO  com.netflix.discovery.InstanceInfoReplicator Line:60  - InstanceInfoReplicator onDemand update allowed rate per min is 4
2018-06-30 13:30:57.313 INFO  com.netflix.discovery.DiscoveryClient Line:449 - Discovery Client initialized at timestamp 1530336657313 with initial instances count: 1
2018-06-30 13:30:57.324 INFO  com.netflix.loadbalancer.DynamicServerListLoadBalancer Line:150 - DynamicServerListLoadBalancer for client auth initialized: DynamicServerListLoadBalancer:{NFLoadBalancer:name=auth,current list of Servers=[],Load balancer stats=Zone stats: {},Server stats: []}ServerList:org.springframework.cloud.netflix.ribbon.eureka.DomainExtractingServerList@718e700c
2018-06-30 13:30:57.449 INFO  com.netflix.config.ChainedDynamicProperty Line:115 - Flipping property: pig-upms-service.ribbon.ActiveConnectionsLimit to use NEXT property: niws.loadbalancer.availabilityFilteringRule.activeConnectionsLimit = 2147483647
2018-06-30 13:30:57.461 INFO  com.netflix.util.concurrent.ShutdownEnabledTimer Line:58  - Shutdown hook installed for: NFLoadBalancer-PingTimer-pig-upms-service
2018-06-30 13:30:57.461 INFO  com.netflix.loadbalancer.BaseLoadBalancer Line:192 - Client: pig-upms-service instantiated a LoadBalancer: DynamicServerListLoadBalancer:{NFLoadBalancer:name=pig-upms-service,current list of Servers=[],Load balancer stats=Zone stats: {},Server stats: []}ServerList:null
2018-06-30 13:30:57.462 INFO  com.netflix.loadbalancer.DynamicServerListLoadBalancer Line:222 - Using serverListUpdater PollingServerListUpdater
2018-06-30 13:30:57.463 INFO  com.netflix.loadbalancer.DynamicServerListLoadBalancer Line:150 - DynamicServerListLoadBalancer for client pig-upms-service initialized: DynamicServerListLoadBalancer:{NFLoadBalancer:name=pig-upms-service,current list of Servers=[],Load balancer stats=Zone stats: {},Server stats: []}ServerList:org.springframework.cloud.netflix.ribbon.eureka.DomainExtractingServerList@773cc551
2018-06-30 13:30:57.696 INFO  com.netflix.discovery.DiscoveryClient Line:1299 - Saw local status change event StatusChangeEvent [timestamp=1530336657696, current=UP, previous=STARTING]
2018-06-30 13:30:57.698 INFO  com.netflix.discovery.DiscoveryClient Line:826 - DiscoveryClient_AUTH/localhost:auth:1201: registering service...
2018-06-30 13:30:57.746 INFO  com.netflix.discovery.DiscoveryClient Line:835 - DiscoveryClient_AUTH/localhost:auth:1201 - registration status: 204
2018-06-30 13:30:57.757 INFO  springfox.documentation.spring.web.plugins.DocumentationPluginsBootstrapper Line:151 - Context refreshed
2018-06-30 13:30:57.777 INFO  springfox.documentation.spring.web.plugins.DocumentationPluginsBootstrapper Line:154 - Found 1 custom documentation plugin(s)
2018-06-30 13:30:57.815 INFO  springfox.documentation.spring.web.scanners.ApiListingReferenceScanner Line:41  - Scanning for api listing references
2018-06-30 13:30:57.888 INFO  com.iscas.cloud.quickframe.auth.AuthServerApplication Line:59  - Started AuthServerApplication in 24.724 seconds (JVM running for 25.801)
2018-06-30 13:30:58.205 INFO  io.undertow.servlet Line:360 - Initializing Spring FrameworkServlet 'dispatcherServlet'
2018-06-30 13:30:59.877 INFO  io.lettuce.core.EpollProvider Line:101 - Starting without optional epoll library
2018-06-30 13:30:59.878 INFO  io.lettuce.core.KqueueProvider Line:101 - Starting without optional kqueue library
2018-06-30 13:31:28.278 INFO  com.netflix.config.ChainedDynamicProperty Line:115 - Flipping property: auth.ribbon.ActiveConnectionsLimit to use NEXT property: niws.loadbalancer.availabilityFilteringRule.activeConnectionsLimit = 2147483647
2018-06-30 13:35:57.307 INFO  com.netflix.discovery.shared.resolver.aws.ConfigClusterResolver Line:43  - Resolving eureka endpoints via configuration
2018-06-30 13:40:57.310 INFO  com.netflix.discovery.shared.resolver.aws.ConfigClusterResolver Line:43  - Resolving eureka endpoints via configuration
2018-06-30 13:45:57.312 INFO  com.netflix.discovery.shared.resolver.aws.ConfigClusterResolver Line:43  - Resolving eureka endpoints via configuration
2018-06-30 13:50:57.314 INFO  com.netflix.discovery.shared.resolver.aws.ConfigClusterResolver Line:43  - Resolving eureka endpoints via configuration
2018-06-30 13:55:57.318 INFO  com.netflix.discovery.shared.resolver.aws.ConfigClusterResolver Line:43  - Resolving eureka endpoints via configuration
2018-06-30 14:00:57.320 INFO  com.netflix.discovery.shared.resolver.aws.ConfigClusterResolver Line:43  - Resolving eureka endpoints via configuration
2018-06-30 14:05:57.324 INFO  com.netflix.discovery.shared.resolver.aws.ConfigClusterResolver Line:43  - Resolving eureka endpoints via configuration
2018-06-30 14:10:57.327 INFO  com.netflix.discovery.shared.resolver.aws.ConfigClusterResolver Line:43  - Resolving eureka endpoints via configuration
2018-06-30 14:15:57.330 INFO  com.netflix.discovery.shared.resolver.aws.ConfigClusterResolver Line:43  - Resolving eureka endpoints via configuration
2018-06-30 14:20:57.334 INFO  com.netflix.discovery.shared.resolver.aws.ConfigClusterResolver Line:43  - Resolving eureka endpoints via configuration
2018-06-30 14:25:57.336 INFO  com.netflix.discovery.shared.resolver.aws.ConfigClusterResolver Line:43  - Resolving eureka endpoints via configuration
2018-06-30 14:30:57.339 INFO  com.netflix.discovery.shared.resolver.aws.ConfigClusterResolver Line:43  - Resolving eureka endpoints via configuration
2018-06-30 14:35:57.341 INFO  com.netflix.discovery.shared.resolver.aws.ConfigClusterResolver Line:43  - Resolving eureka endpoints via configuration
2018-06-30 14:40:57.344 INFO  com.netflix.discovery.shared.resolver.aws.ConfigClusterResolver Line:43  - Resolving eureka endpoints via configuration
2018-06-30 14:45:57.346 INFO  com.netflix.discovery.shared.resolver.aws.ConfigClusterResolver Line:43  - Resolving eureka endpoints via configuration
2018-06-30 14:50:57.349 INFO  com.netflix.discovery.shared.resolver.aws.ConfigClusterResolver Line:43  - Resolving eureka endpoints via configuration
2018-06-30 14:55:57.351 INFO  com.netflix.discovery.shared.resolver.aws.ConfigClusterResolver Line:43  - Resolving eureka endpoints via configuration
2018-06-30 15:00:57.353 INFO  com.netflix.discovery.shared.resolver.aws.ConfigClusterResolver Line:43  - Resolving eureka endpoints via configuration
2018-06-30 15:05:57.356 INFO  com.netflix.discovery.shared.resolver.aws.ConfigClusterResolver Line:43  - Resolving eureka endpoints via configuration
2018-06-30 15:10:57.358 INFO  com.netflix.discovery.shared.resolver.aws.ConfigClusterResolver Line:43  - Resolving eureka endpoints via configuration
2018-06-30 15:15:57.362 INFO  com.netflix.discovery.shared.resolver.aws.ConfigClusterResolver Line:43  - Resolving eureka endpoints via configuration
2018-06-30 15:20:57.365 INFO  com.netflix.discovery.shared.resolver.aws.ConfigClusterResolver Line:43  - Resolving eureka endpoints via configuration
2018-06-30 15:25:57.367 INFO  com.netflix.discovery.shared.resolver.aws.ConfigClusterResolver Line:43  - Resolving eureka endpoints via configuration
2018-06-30 15:30:57.371 INFO  com.netflix.discovery.shared.resolver.aws.ConfigClusterResolver Line:43  - Resolving eureka endpoints via configuration
2018-06-30 15:35:57.373 INFO  com.netflix.discovery.shared.resolver.aws.ConfigClusterResolver Line:43  - Resolving eureka endpoints via configuration
2018-06-30 15:40:57.384 INFO  com.netflix.discovery.shared.resolver.aws.ConfigClusterResolver Line:43  - Resolving eureka endpoints via configuration
