2018-06-30 11:45:26.162 INFO  com.iscas.cloud.quickframe.auth.config.server.ConfigServerApplication Line:663 - The following profiles are active: dev
2018-06-30 11:45:27.402 INFO  org.xnio Line:104 - XNIO version 3.3.8.Final
2018-06-30 11:45:27.421 INFO  org.xnio.nio Line:55  - XNIO NIO Implementation Version 3.3.8.Final
2018-06-30 11:45:27.483 INFO  io.undertow.servlet Line:360 - Initializing Spring embedded WebApplicationContext
2018-06-30 11:45:28.102 INFO  com.netflix.config.sources.URLConfigurationSource Line:122 - To enable URLs as dynamic configuration sources, define System property archaius.configurationSource.additionalUrls or make config.properties available on classpath.
2018-06-30 11:45:28.121 INFO  com.netflix.config.DynamicPropertyFactory Line:281 - DynamicPropertyFactory is initialized with configuration sources: com.netflix.config.ConcurrentCompositeConfiguration@4601203a
2018-06-30 11:45:32.368 INFO  com.netflix.config.sources.URLConfigurationSource Line:122 - To enable URLs as dynamic configuration sources, define System property archaius.configurationSource.additionalUrls or make config.properties available on classpath.
2018-06-30 11:45:35.637 INFO  com.netflix.discovery.DiscoveryClient Line:349 - Initializing Eureka in region us-east-1
2018-06-30 11:45:35.700 INFO  com.netflix.discovery.provider.DiscoveryJerseyProvider Line:70  - Using JSON encoding codec LegacyJacksonJson
2018-06-30 11:45:35.700 INFO  com.netflix.discovery.provider.DiscoveryJerseyProvider Line:71  - Using JSON decoding codec LegacyJacksonJson
2018-06-30 11:45:35.794 INFO  com.netflix.discovery.provider.DiscoveryJerseyProvider Line:80  - Using XML encoding codec XStreamXml
2018-06-30 11:45:35.795 INFO  com.netflix.discovery.provider.DiscoveryJerseyProvider Line:81  - Using XML decoding codec XStreamXml
2018-06-30 11:45:35.934 INFO  com.netflix.discovery.shared.resolver.aws.ConfigClusterResolver Line:43  - Resolving eureka endpoints via configuration
2018-06-30 11:45:36.067 INFO  com.netflix.discovery.DiscoveryClient Line:958 - Disable delta property : false
2018-06-30 11:45:36.068 INFO  com.netflix.discovery.DiscoveryClient Line:959 - Single vip registry refresh property : null
2018-06-30 11:45:36.068 INFO  com.netflix.discovery.DiscoveryClient Line:960 - Force full registry fetch : false
2018-06-30 11:45:36.068 INFO  com.netflix.discovery.DiscoveryClient Line:961 - Application is null : false
2018-06-30 11:45:36.068 INFO  com.netflix.discovery.DiscoveryClient Line:962 - Registered Applications size is zero : true
2018-06-30 11:45:36.068 INFO  com.netflix.discovery.DiscoveryClient Line:964 - Application version is -1: true
2018-06-30 11:45:36.068 INFO  com.netflix.discovery.DiscoveryClient Line:1047 - Getting all instance registry info from the eureka server
2018-06-30 11:45:36.277 INFO  com.netflix.discovery.DiscoveryClient Line:1056 - The response status is 200
2018-06-30 11:45:36.278 INFO  com.netflix.discovery.DiscoveryClient Line:1264 - Starting heartbeat executor: renew interval is: 30
2018-06-30 11:45:36.280 INFO  com.netflix.discovery.InstanceInfoReplicator Line:60  - InstanceInfoReplicator onDemand update allowed rate per min is 4
2018-06-30 11:45:36.283 INFO  com.netflix.discovery.DiscoveryClient Line:449 - Discovery Client initialized at timestamp 1530330336282 with initial instances count: 0
2018-06-30 11:45:36.289 INFO  com.netflix.discovery.DiscoveryClient Line:1299 - Saw local status change event StatusChangeEvent [timestamp=1530330336289, current=UP, previous=STARTING]
2018-06-30 11:45:36.290 INFO  com.netflix.discovery.DiscoveryClient Line:826 - DiscoveryClient_CONFIG-SERVER/config-server:1101: registering service...
2018-06-30 11:45:36.369 INFO  com.netflix.discovery.DiscoveryClient Line:835 - DiscoveryClient_CONFIG-SERVER/config-server:1101 - registration status: 204
2018-06-30 11:45:36.400 INFO  com.iscas.cloud.quickframe.auth.config.server.ConfigServerApplication Line:59  - Started ConfigServerApplication in 13.489 seconds (JVM running for 14.984)
2018-06-30 11:45:36.799 INFO  io.undertow.servlet Line:360 - Initializing Spring FrameworkServlet 'dispatcherServlet'
2018-06-30 11:46:06.280 INFO  com.netflix.discovery.DiscoveryClient Line:958 - Disable delta property : false
2018-06-30 11:46:06.280 INFO  com.netflix.discovery.DiscoveryClient Line:959 - Single vip registry refresh property : null
2018-06-30 11:46:06.280 INFO  com.netflix.discovery.DiscoveryClient Line:960 - Force full registry fetch : false
2018-06-30 11:46:06.281 INFO  com.netflix.discovery.DiscoveryClient Line:961 - Application is null : false
2018-06-30 11:46:06.281 INFO  com.netflix.discovery.DiscoveryClient Line:962 - Registered Applications size is zero : true
2018-06-30 11:46:06.281 INFO  com.netflix.discovery.DiscoveryClient Line:964 - Application version is -1: false
2018-06-30 11:46:06.281 INFO  com.netflix.discovery.DiscoveryClient Line:1047 - Getting all instance registry info from the eureka server
2018-06-30 11:46:06.508 INFO  com.netflix.discovery.DiscoveryClient Line:1056 - The response status is 200
2018-06-30 13:30:15.471 INFO  com.iscas.cloud.quickframe.auth.config.server.ConfigServerApplication Line:663 - The following profiles are active: dev
2018-06-30 13:30:16.937 INFO  org.xnio Line:104 - XNIO version 3.3.8.Final
2018-06-30 13:30:16.950 INFO  org.xnio.nio Line:55  - XNIO NIO Implementation Version 3.3.8.Final
2018-06-30 13:30:16.994 INFO  io.undertow.servlet Line:360 - Initializing Spring embedded WebApplicationContext
2018-06-30 13:30:17.251 INFO  com.netflix.config.sources.URLConfigurationSource Line:122 - To enable URLs as dynamic configuration sources, define System property archaius.configurationSource.additionalUrls or make config.properties available on classpath.
2018-06-30 13:30:17.259 INFO  com.netflix.config.DynamicPropertyFactory Line:281 - DynamicPropertyFactory is initialized with configuration sources: com.netflix.config.ConcurrentCompositeConfiguration@329bad59
2018-06-30 13:30:21.395 INFO  com.netflix.config.sources.URLConfigurationSource Line:122 - To enable URLs as dynamic configuration sources, define System property archaius.configurationSource.additionalUrls or make config.properties available on classpath.
2018-06-30 13:30:24.477 INFO  com.netflix.discovery.DiscoveryClient Line:349 - Initializing Eureka in region us-east-1
2018-06-30 13:30:24.537 INFO  com.netflix.discovery.provider.DiscoveryJerseyProvider Line:70  - Using JSON encoding codec LegacyJacksonJson
2018-06-30 13:30:24.538 INFO  com.netflix.discovery.provider.DiscoveryJerseyProvider Line:71  - Using JSON decoding codec LegacyJacksonJson
2018-06-30 13:30:24.615 INFO  com.netflix.discovery.provider.DiscoveryJerseyProvider Line:80  - Using XML encoding codec XStreamXml
2018-06-30 13:30:24.615 INFO  com.netflix.discovery.provider.DiscoveryJerseyProvider Line:81  - Using XML decoding codec XStreamXml
2018-06-30 13:30:24.779 INFO  com.netflix.discovery.shared.resolver.aws.ConfigClusterResolver Line:43  - Resolving eureka endpoints via configuration
2018-06-30 13:30:24.873 INFO  com.netflix.discovery.DiscoveryClient Line:958 - Disable delta property : false
2018-06-30 13:30:24.873 INFO  com.netflix.discovery.DiscoveryClient Line:959 - Single vip registry refresh property : null
2018-06-30 13:30:24.873 INFO  com.netflix.discovery.DiscoveryClient Line:960 - Force full registry fetch : false
2018-06-30 13:30:24.873 INFO  com.netflix.discovery.DiscoveryClient Line:961 - Application is null : false
2018-06-30 13:30:24.873 INFO  com.netflix.discovery.DiscoveryClient Line:962 - Registered Applications size is zero : true
2018-06-30 13:30:24.874 INFO  com.netflix.discovery.DiscoveryClient Line:964 - Application version is -1: true
2018-06-30 13:30:24.874 INFO  com.netflix.discovery.DiscoveryClient Line:1047 - Getting all instance registry info from the eureka server
2018-06-30 13:30:25.104 INFO  com.netflix.discovery.DiscoveryClient Line:1056 - The response status is 200
2018-06-30 13:30:25.106 INFO  com.netflix.discovery.DiscoveryClient Line:1264 - Starting heartbeat executor: renew interval is: 30
2018-06-30 13:30:25.108 INFO  com.netflix.discovery.InstanceInfoReplicator Line:60  - InstanceInfoReplicator onDemand update allowed rate per min is 4
2018-06-30 13:30:25.111 INFO  com.netflix.discovery.DiscoveryClient Line:449 - Discovery Client initialized at timestamp 1530336625110 with initial instances count: 0
2018-06-30 13:30:25.117 INFO  com.netflix.discovery.DiscoveryClient Line:1299 - Saw local status change event StatusChangeEvent [timestamp=1530336625117, current=UP, previous=STARTING]
2018-06-30 13:30:25.119 INFO  com.netflix.discovery.DiscoveryClient Line:826 - DiscoveryClient_CONFIG-SERVER/config-server:1101: registering service...
2018-06-30 13:30:25.218 INFO  com.netflix.discovery.DiscoveryClient Line:835 - DiscoveryClient_CONFIG-SERVER/config-server:1101 - registration status: 204
2018-06-30 13:30:25.244 INFO  com.iscas.cloud.quickframe.auth.config.server.ConfigServerApplication Line:59  - Started ConfigServerApplication in 14.106 seconds (JVM running for 15.163)
2018-06-30 13:30:25.626 INFO  io.undertow.servlet Line:360 - Initializing Spring FrameworkServlet 'dispatcherServlet'
2018-06-30 13:30:55.108 INFO  com.netflix.discovery.DiscoveryClient Line:958 - Disable delta property : false
2018-06-30 13:30:55.110 INFO  com.netflix.discovery.DiscoveryClient Line:959 - Single vip registry refresh property : null
2018-06-30 13:30:55.110 INFO  com.netflix.discovery.DiscoveryClient Line:960 - Force full registry fetch : false
2018-06-30 13:30:55.110 INFO  com.netflix.discovery.DiscoveryClient Line:961 - Application is null : false
2018-06-30 13:30:55.111 INFO  com.netflix.discovery.DiscoveryClient Line:962 - Registered Applications size is zero : true
2018-06-30 13:30:55.111 INFO  com.netflix.discovery.DiscoveryClient Line:964 - Application version is -1: false
2018-06-30 13:30:55.112 INFO  com.netflix.discovery.DiscoveryClient Line:1047 - Getting all instance registry info from the eureka server
2018-06-30 13:30:55.180 INFO  com.netflix.discovery.DiscoveryClient Line:1056 - The response status is 200
2018-06-30 13:35:24.880 INFO  com.netflix.discovery.shared.resolver.aws.ConfigClusterResolver Line:43  - Resolving eureka endpoints via configuration
2018-06-30 13:40:24.886 INFO  com.netflix.discovery.shared.resolver.aws.ConfigClusterResolver Line:43  - Resolving eureka endpoints via configuration
2018-06-30 13:45:24.889 INFO  com.netflix.discovery.shared.resolver.aws.ConfigClusterResolver Line:43  - Resolving eureka endpoints via configuration
2018-06-30 13:50:24.891 INFO  com.netflix.discovery.shared.resolver.aws.ConfigClusterResolver Line:43  - Resolving eureka endpoints via configuration
2018-06-30 13:55:24.893 INFO  com.netflix.discovery.shared.resolver.aws.ConfigClusterResolver Line:43  - Resolving eureka endpoints via configuration
2018-06-30 14:00:24.896 INFO  com.netflix.discovery.shared.resolver.aws.ConfigClusterResolver Line:43  - Resolving eureka endpoints via configuration
2018-06-30 14:05:24.901 INFO  com.netflix.discovery.shared.resolver.aws.ConfigClusterResolver Line:43  - Resolving eureka endpoints via configuration
2018-06-30 14:10:24.904 INFO  com.netflix.discovery.shared.resolver.aws.ConfigClusterResolver Line:43  - Resolving eureka endpoints via configuration
2018-06-30 14:15:24.906 INFO  com.netflix.discovery.shared.resolver.aws.ConfigClusterResolver Line:43  - Resolving eureka endpoints via configuration
2018-06-30 14:20:24.910 INFO  com.netflix.discovery.shared.resolver.aws.ConfigClusterResolver Line:43  - Resolving eureka endpoints via configuration
2018-06-30 14:25:24.912 INFO  com.netflix.discovery.shared.resolver.aws.ConfigClusterResolver Line:43  - Resolving eureka endpoints via configuration
2018-06-30 14:30:24.914 INFO  com.netflix.discovery.shared.resolver.aws.ConfigClusterResolver Line:43  - Resolving eureka endpoints via configuration
2018-06-30 14:35:24.918 INFO  com.netflix.discovery.shared.resolver.aws.ConfigClusterResolver Line:43  - Resolving eureka endpoints via configuration
2018-06-30 14:40:24.920 INFO  com.netflix.discovery.shared.resolver.aws.ConfigClusterResolver Line:43  - Resolving eureka endpoints via configuration
2018-06-30 14:45:24.922 INFO  com.netflix.discovery.shared.resolver.aws.ConfigClusterResolver Line:43  - Resolving eureka endpoints via configuration
2018-06-30 14:50:24.924 INFO  com.netflix.discovery.shared.resolver.aws.ConfigClusterResolver Line:43  - Resolving eureka endpoints via configuration
2018-06-30 14:55:24.926 INFO  com.netflix.discovery.shared.resolver.aws.ConfigClusterResolver Line:43  - Resolving eureka endpoints via configuration
2018-06-30 15:00:24.929 INFO  com.netflix.discovery.shared.resolver.aws.ConfigClusterResolver Line:43  - Resolving eureka endpoints via configuration
2018-06-30 15:05:24.930 INFO  com.netflix.discovery.shared.resolver.aws.ConfigClusterResolver Line:43  - Resolving eureka endpoints via configuration
2018-06-30 15:10:24.934 INFO  com.netflix.discovery.shared.resolver.aws.ConfigClusterResolver Line:43  - Resolving eureka endpoints via configuration
2018-06-30 15:15:24.935 INFO  com.netflix.discovery.shared.resolver.aws.ConfigClusterResolver Line:43  - Resolving eureka endpoints via configuration
2018-06-30 15:20:24.938 INFO  com.netflix.discovery.shared.resolver.aws.ConfigClusterResolver Line:43  - Resolving eureka endpoints via configuration
2018-06-30 15:25:24.941 INFO  com.netflix.discovery.shared.resolver.aws.ConfigClusterResolver Line:43  - Resolving eureka endpoints via configuration
2018-06-30 15:30:24.943 INFO  com.netflix.discovery.shared.resolver.aws.ConfigClusterResolver Line:43  - Resolving eureka endpoints via configuration
2018-06-30 15:35:24.946 INFO  com.netflix.discovery.shared.resolver.aws.ConfigClusterResolver Line:43  - Resolving eureka endpoints via configuration
2018-06-30 15:40:24.948 INFO  com.netflix.discovery.shared.resolver.aws.ConfigClusterResolver Line:43  - Resolving eureka endpoints via configuration
2018-06-30 15:45:24.953 INFO  com.netflix.discovery.shared.resolver.aws.ConfigClusterResolver Line:43  - Resolving eureka endpoints via configuration
