2018-06-29 18:14:13.052 INFO  com.ulisesbocchio.jasyptspringboot.configuration.EnableEncryptablePropertiesConfiguration Line:70  - Bootstraping jasypt-string-boot auto configuration in context: mc-service-1-1
2018-06-29 18:14:13.293 INFO  com.netflix.config.ChainedDynamicProperty Line:115 - Flipping property: auth.ribbon.ActiveConnectionsLimit to use NEXT property: niws.loadbalancer.availabilityFilteringRule.activeConnectionsLimit = 2147483647
2018-06-29 18:14:13.303 INFO  com.netflix.util.concurrent.ShutdownEnabledTimer Line:58  - Shutdown hook installed for: NFLoadBalancer-PingTimer-auth
2018-06-29 18:14:13.321 INFO  com.netflix.loadbalancer.BaseLoadBalancer Line:192 - Client: auth instantiated a LoadBalancer: DynamicServerListLoadBalancer:{NFLoadBalancer:name=auth,current list of Servers=[],Load balancer stats=Zone stats: {},Server stats: []}ServerList:null
2018-06-29 18:14:13.325 INFO  com.netflix.loadbalancer.DynamicServerListLoadBalancer Line:222 - Using serverListUpdater PollingServerListUpdater
2018-06-29 18:14:13.332 INFO  com.netflix.discovery.DiscoveryClient Line:349 - Initializing Eureka in region us-east-1
2018-06-29 18:14:13.334 INFO  com.netflix.discovery.provider.DiscoveryJerseyProvider Line:70  - Using JSON encoding codec LegacyJacksonJson
2018-06-29 18:14:13.335 INFO  com.netflix.discovery.provider.DiscoveryJerseyProvider Line:71  - Using JSON decoding codec LegacyJacksonJson
2018-06-29 18:14:13.335 INFO  com.netflix.discovery.provider.DiscoveryJerseyProvider Line:80  - Using XML encoding codec XStreamXml
2018-06-29 18:14:13.335 INFO  com.netflix.discovery.provider.DiscoveryJerseyProvider Line:81  - Using XML decoding codec XStreamXml
2018-06-29 18:14:13.383 INFO  com.netflix.discovery.shared.resolver.aws.ConfigClusterResolver Line:43  - Resolving eureka endpoints via configuration
2018-06-29 18:14:13.384 INFO  com.netflix.discovery.DiscoveryClient Line:958 - Disable delta property : false
2018-06-29 18:14:13.385 INFO  com.netflix.discovery.DiscoveryClient Line:959 - Single vip registry refresh property : null
2018-06-29 18:14:13.385 INFO  com.netflix.discovery.DiscoveryClient Line:960 - Force full registry fetch : false
2018-06-29 18:14:13.385 INFO  com.netflix.discovery.DiscoveryClient Line:961 - Application is null : false
2018-06-29 18:14:13.385 INFO  com.netflix.discovery.DiscoveryClient Line:962 - Registered Applications size is zero : true
2018-06-29 18:14:13.385 INFO  com.netflix.discovery.DiscoveryClient Line:964 - Application version is -1: true
2018-06-29 18:14:13.385 INFO  com.netflix.discovery.DiscoveryClient Line:1047 - Getting all instance registry info from the eureka server
2018-06-29 18:14:13.390 INFO  com.netflix.discovery.DiscoveryClient Line:1056 - The response status is 200
2018-06-29 18:14:13.390 INFO  com.netflix.discovery.DiscoveryClient Line:1264 - Starting heartbeat executor: renew interval is: 20
2018-06-29 18:14:13.392 INFO  com.netflix.discovery.InstanceInfoReplicator Line:60  - InstanceInfoReplicator onDemand update allowed rate per min is 4
2018-06-29 18:14:13.393 INFO  com.netflix.discovery.DiscoveryClient Line:449 - Discovery Client initialized at timestamp 1530267253393 with initial instances count: 2
2018-06-29 18:14:13.410 INFO  com.netflix.config.ChainedDynamicProperty Line:115 - Flipping property: auth.ribbon.ActiveConnectionsLimit to use NEXT property: niws.loadbalancer.availabilityFilteringRule.activeConnectionsLimit = 2147483647
2018-06-29 18:14:13.411 INFO  com.netflix.loadbalancer.DynamicServerListLoadBalancer Line:150 - DynamicServerListLoadBalancer for client auth initialized: DynamicServerListLoadBalancer:{NFLoadBalancer:name=auth,current list of Servers=[192.168.100.88:1201],Load balancer stats=Zone stats: {defaultzone=[Zone:defaultzone;	Instance count:1;	Active connections count: 0;	Circuit breaker tripped count: 0;	Active connections per server: 0.0;]
},Server stats: [[Server:192.168.100.88:1201;	Zone:defaultZone;	Total Requests:0;	Successive connection failure:0;	Total blackout seconds:0;	Last connection made:Thu Jan 01 08:00:00 CST 1970;	First connection made: Thu Jan 01 08:00:00 CST 1970;	Active Connections:0;	total failure count in last (1000) msecs:0;	average resp time:0.0;	90 percentile resp time:0.0;	95 percentile resp time:0.0;	min resp time:0.0;	max resp time:0.0;	stddev resp time:0.0]
]}ServerList:org.springframework.cloud.netflix.ribbon.eureka.DomainExtractingServerList@4d5365
2018-06-29 18:14:13.511 INFO  com.netflix.config.ChainedDynamicProperty Line:115 - Flipping property: pig-upms-service.ribbon.ActiveConnectionsLimit to use NEXT property: niws.loadbalancer.availabilityFilteringRule.activeConnectionsLimit = 2147483647
2018-06-29 18:14:13.516 INFO  com.netflix.util.concurrent.ShutdownEnabledTimer Line:58  - Shutdown hook installed for: NFLoadBalancer-PingTimer-pig-upms-service
2018-06-29 18:14:13.517 INFO  com.netflix.loadbalancer.BaseLoadBalancer Line:192 - Client: pig-upms-service instantiated a LoadBalancer: DynamicServerListLoadBalancer:{NFLoadBalancer:name=pig-upms-service,current list of Servers=[],Load balancer stats=Zone stats: {},Server stats: []}ServerList:null
2018-06-29 18:14:13.517 INFO  com.netflix.loadbalancer.DynamicServerListLoadBalancer Line:222 - Using serverListUpdater PollingServerListUpdater
2018-06-29 18:14:13.518 INFO  com.netflix.loadbalancer.DynamicServerListLoadBalancer Line:150 - DynamicServerListLoadBalancer for client pig-upms-service initialized: DynamicServerListLoadBalancer:{NFLoadBalancer:name=pig-upms-service,current list of Servers=[],Load balancer stats=Zone stats: {},Server stats: []}ServerList:org.springframework.cloud.netflix.ribbon.eureka.DomainExtractingServerList@b01718
2018-06-29 18:14:13.645 INFO  com.netflix.discovery.DiscoveryClient Line:1299 - Saw local status change event StatusChangeEvent [timestamp=1530267253645, current=UP, previous=STARTING]
2018-06-29 18:14:13.647 INFO  com.netflix.discovery.DiscoveryClient Line:826 - DiscoveryClient_MC-SERVICE/3C3KFGGUEXOVEHG:mc-service:4050: registering service...
2018-06-29 18:14:13.669 INFO  com.netflix.discovery.DiscoveryClient Line:835 - DiscoveryClient_MC-SERVICE/3C3KFGGUEXOVEHG:mc-service:4050 - registration status: 204
2018-06-29 18:14:14.329 INFO  com.netflix.config.ChainedDynamicProperty Line:115 - Flipping property: auth.ribbon.ActiveConnectionsLimit to use NEXT property: niws.loadbalancer.availabilityFilteringRule.activeConnectionsLimit = 2147483647
2018-06-29 18:14:28.722 INFO  com.netflix.util.concurrent.ShutdownEnabledTimer Line:67  - Shutdown hook removed for: NFLoadBalancer-PingTimer-auth
2018-06-29 18:14:28.726 INFO  com.netflix.util.concurrent.ShutdownEnabledTimer Line:67  - Shutdown hook removed for: NFLoadBalancer-PingTimer-pig-upms-service
2018-06-29 18:14:28.742 INFO  com.netflix.discovery.DiscoveryClient Line:888 - Shutting down DiscoveryClient ...
2018-06-29 18:14:31.744 INFO  com.netflix.discovery.DiscoveryClient Line:922 - Unregistering ...
2018-06-29 18:14:31.758 INFO  com.netflix.discovery.DiscoveryClient Line:924 - DiscoveryClient_MC-SERVICE/3C3KFGGUEXOVEHG:mc-service:4050 - deregister  status: 200
2018-06-29 18:14:31.772 INFO  com.netflix.discovery.DiscoveryClient Line:911 - Completed shut down of DiscoveryClient
2018-06-29 18:18:32.590 INFO  com.ulisesbocchio.jasyptspringboot.configuration.EnableEncryptablePropertiesConfiguration Line:70  - Bootstraping jasypt-string-boot auto configuration in context: mc-service-1-1
2018-06-29 18:18:32.821 INFO  com.netflix.config.ChainedDynamicProperty Line:115 - Flipping property: auth.ribbon.ActiveConnectionsLimit to use NEXT property: niws.loadbalancer.availabilityFilteringRule.activeConnectionsLimit = 2147483647
2018-06-29 18:18:32.836 INFO  com.netflix.util.concurrent.ShutdownEnabledTimer Line:58  - Shutdown hook installed for: NFLoadBalancer-PingTimer-auth
2018-06-29 18:18:32.849 INFO  com.netflix.loadbalancer.BaseLoadBalancer Line:192 - Client: auth instantiated a LoadBalancer: DynamicServerListLoadBalancer:{NFLoadBalancer:name=auth,current list of Servers=[],Load balancer stats=Zone stats: {},Server stats: []}ServerList:null
2018-06-29 18:18:32.853 INFO  com.netflix.loadbalancer.DynamicServerListLoadBalancer Line:222 - Using serverListUpdater PollingServerListUpdater
2018-06-29 18:18:32.860 INFO  com.netflix.discovery.DiscoveryClient Line:349 - Initializing Eureka in region us-east-1
2018-06-29 18:18:32.862 INFO  com.netflix.discovery.provider.DiscoveryJerseyProvider Line:70  - Using JSON encoding codec LegacyJacksonJson
2018-06-29 18:18:32.862 INFO  com.netflix.discovery.provider.DiscoveryJerseyProvider Line:71  - Using JSON decoding codec LegacyJacksonJson
2018-06-29 18:18:32.862 INFO  com.netflix.discovery.provider.DiscoveryJerseyProvider Line:80  - Using XML encoding codec XStreamXml
2018-06-29 18:18:32.863 INFO  com.netflix.discovery.provider.DiscoveryJerseyProvider Line:81  - Using XML decoding codec XStreamXml
2018-06-29 18:18:32.912 INFO  com.netflix.discovery.shared.resolver.aws.ConfigClusterResolver Line:43  - Resolving eureka endpoints via configuration
2018-06-29 18:18:32.913 INFO  com.netflix.discovery.DiscoveryClient Line:958 - Disable delta property : false
2018-06-29 18:18:32.913 INFO  com.netflix.discovery.DiscoveryClient Line:959 - Single vip registry refresh property : null
2018-06-29 18:18:32.914 INFO  com.netflix.discovery.DiscoveryClient Line:960 - Force full registry fetch : false
2018-06-29 18:18:32.914 INFO  com.netflix.discovery.DiscoveryClient Line:961 - Application is null : false
2018-06-29 18:18:32.914 INFO  com.netflix.discovery.DiscoveryClient Line:962 - Registered Applications size is zero : true
2018-06-29 18:18:32.914 INFO  com.netflix.discovery.DiscoveryClient Line:964 - Application version is -1: true
2018-06-29 18:18:32.914 INFO  com.netflix.discovery.DiscoveryClient Line:1047 - Getting all instance registry info from the eureka server
2018-06-29 18:18:32.917 INFO  com.netflix.discovery.DiscoveryClient Line:1056 - The response status is 200
2018-06-29 18:18:32.918 INFO  com.netflix.discovery.DiscoveryClient Line:1264 - Starting heartbeat executor: renew interval is: 20
2018-06-29 18:18:32.920 INFO  com.netflix.discovery.InstanceInfoReplicator Line:60  - InstanceInfoReplicator onDemand update allowed rate per min is 4
2018-06-29 18:18:32.921 INFO  com.netflix.discovery.DiscoveryClient Line:449 - Discovery Client initialized at timestamp 1530267512921 with initial instances count: 2
2018-06-29 18:18:32.938 INFO  com.netflix.config.ChainedDynamicProperty Line:115 - Flipping property: auth.ribbon.ActiveConnectionsLimit to use NEXT property: niws.loadbalancer.availabilityFilteringRule.activeConnectionsLimit = 2147483647
2018-06-29 18:18:32.939 INFO  com.netflix.loadbalancer.DynamicServerListLoadBalancer Line:150 - DynamicServerListLoadBalancer for client auth initialized: DynamicServerListLoadBalancer:{NFLoadBalancer:name=auth,current list of Servers=[192.168.100.88:1201],Load balancer stats=Zone stats: {defaultzone=[Zone:defaultzone;	Instance count:1;	Active connections count: 0;	Circuit breaker tripped count: 0;	Active connections per server: 0.0;]
},Server stats: [[Server:192.168.100.88:1201;	Zone:defaultZone;	Total Requests:0;	Successive connection failure:0;	Total blackout seconds:0;	Last connection made:Thu Jan 01 08:00:00 CST 1970;	First connection made: Thu Jan 01 08:00:00 CST 1970;	Active Connections:0;	total failure count in last (1000) msecs:0;	average resp time:0.0;	90 percentile resp time:0.0;	95 percentile resp time:0.0;	min resp time:0.0;	max resp time:0.0;	stddev resp time:0.0]
]}ServerList:org.springframework.cloud.netflix.ribbon.eureka.DomainExtractingServerList@82882a
2018-06-29 18:18:33.041 INFO  com.netflix.config.ChainedDynamicProperty Line:115 - Flipping property: pig-upms-service.ribbon.ActiveConnectionsLimit to use NEXT property: niws.loadbalancer.availabilityFilteringRule.activeConnectionsLimit = 2147483647
2018-06-29 18:18:33.046 INFO  com.netflix.util.concurrent.ShutdownEnabledTimer Line:58  - Shutdown hook installed for: NFLoadBalancer-PingTimer-pig-upms-service
2018-06-29 18:18:33.047 INFO  com.netflix.loadbalancer.BaseLoadBalancer Line:192 - Client: pig-upms-service instantiated a LoadBalancer: DynamicServerListLoadBalancer:{NFLoadBalancer:name=pig-upms-service,current list of Servers=[],Load balancer stats=Zone stats: {},Server stats: []}ServerList:null
2018-06-29 18:18:33.047 INFO  com.netflix.loadbalancer.DynamicServerListLoadBalancer Line:222 - Using serverListUpdater PollingServerListUpdater
2018-06-29 18:18:33.048 INFO  com.netflix.loadbalancer.DynamicServerListLoadBalancer Line:150 - DynamicServerListLoadBalancer for client pig-upms-service initialized: DynamicServerListLoadBalancer:{NFLoadBalancer:name=pig-upms-service,current list of Servers=[],Load balancer stats=Zone stats: {},Server stats: []}ServerList:org.springframework.cloud.netflix.ribbon.eureka.DomainExtractingServerList@1e243bb
2018-06-29 18:18:33.242 INFO  com.netflix.discovery.DiscoveryClient Line:1299 - Saw local status change event StatusChangeEvent [timestamp=1530267513242, current=UP, previous=STARTING]
2018-06-29 18:18:33.243 INFO  com.netflix.discovery.DiscoveryClient Line:826 - DiscoveryClient_MC-SERVICE/3C3KFGGUEXOVEHG:mc-service:4050: registering service...
2018-06-29 18:18:33.264 INFO  com.netflix.discovery.DiscoveryClient Line:835 - DiscoveryClient_MC-SERVICE/3C3KFGGUEXOVEHG:mc-service:4050 - registration status: 204
2018-06-29 18:18:33.856 INFO  com.netflix.config.ChainedDynamicProperty Line:115 - Flipping property: auth.ribbon.ActiveConnectionsLimit to use NEXT property: niws.loadbalancer.availabilityFilteringRule.activeConnectionsLimit = 2147483647
2018-06-29 18:18:48.321 INFO  com.netflix.util.concurrent.ShutdownEnabledTimer Line:67  - Shutdown hook removed for: NFLoadBalancer-PingTimer-auth
2018-06-29 18:18:48.335 INFO  com.netflix.util.concurrent.ShutdownEnabledTimer Line:67  - Shutdown hook removed for: NFLoadBalancer-PingTimer-pig-upms-service
2018-06-29 18:18:49.308 INFO  com.netflix.discovery.DiscoveryClient Line:888 - Shutting down DiscoveryClient ...
2018-06-29 18:18:52.310 INFO  com.netflix.discovery.DiscoveryClient Line:922 - Unregistering ...
2018-06-29 18:18:52.321 INFO  com.netflix.discovery.DiscoveryClient Line:924 - DiscoveryClient_MC-SERVICE/3C3KFGGUEXOVEHG:mc-service:4050 - deregister  status: 200
2018-06-29 18:18:52.336 INFO  com.netflix.discovery.DiscoveryClient Line:911 - Completed shut down of DiscoveryClient
2018-06-29 18:20:41.769 INFO  com.ulisesbocchio.jasyptspringboot.configuration.EnableEncryptablePropertiesConfiguration Line:70  - Bootstraping jasypt-string-boot auto configuration in context: mc-service-1-1
2018-06-29 18:20:42.000 INFO  com.netflix.config.ChainedDynamicProperty Line:115 - Flipping property: auth.ribbon.ActiveConnectionsLimit to use NEXT property: niws.loadbalancer.availabilityFilteringRule.activeConnectionsLimit = 2147483647
2018-06-29 18:20:42.015 INFO  com.netflix.util.concurrent.ShutdownEnabledTimer Line:58  - Shutdown hook installed for: NFLoadBalancer-PingTimer-auth
2018-06-29 18:20:42.028 INFO  com.netflix.loadbalancer.BaseLoadBalancer Line:192 - Client: auth instantiated a LoadBalancer: DynamicServerListLoadBalancer:{NFLoadBalancer:name=auth,current list of Servers=[],Load balancer stats=Zone stats: {},Server stats: []}ServerList:null
2018-06-29 18:20:42.032 INFO  com.netflix.loadbalancer.DynamicServerListLoadBalancer Line:222 - Using serverListUpdater PollingServerListUpdater
2018-06-29 18:20:42.039 INFO  com.netflix.discovery.DiscoveryClient Line:349 - Initializing Eureka in region us-east-1
2018-06-29 18:20:42.041 INFO  com.netflix.discovery.provider.DiscoveryJerseyProvider Line:70  - Using JSON encoding codec LegacyJacksonJson
2018-06-29 18:20:42.042 INFO  com.netflix.discovery.provider.DiscoveryJerseyProvider Line:71  - Using JSON decoding codec LegacyJacksonJson
2018-06-29 18:20:42.042 INFO  com.netflix.discovery.provider.DiscoveryJerseyProvider Line:80  - Using XML encoding codec XStreamXml
2018-06-29 18:20:42.042 INFO  com.netflix.discovery.provider.DiscoveryJerseyProvider Line:81  - Using XML decoding codec XStreamXml
2018-06-29 18:20:42.090 INFO  com.netflix.discovery.shared.resolver.aws.ConfigClusterResolver Line:43  - Resolving eureka endpoints via configuration
2018-06-29 18:20:42.091 INFO  com.netflix.discovery.DiscoveryClient Line:958 - Disable delta property : false
2018-06-29 18:20:42.092 INFO  com.netflix.discovery.DiscoveryClient Line:959 - Single vip registry refresh property : null
2018-06-29 18:20:42.092 INFO  com.netflix.discovery.DiscoveryClient Line:960 - Force full registry fetch : false
2018-06-29 18:20:42.092 INFO  com.netflix.discovery.DiscoveryClient Line:961 - Application is null : false
2018-06-29 18:20:42.092 INFO  com.netflix.discovery.DiscoveryClient Line:962 - Registered Applications size is zero : true
2018-06-29 18:20:42.092 INFO  com.netflix.discovery.DiscoveryClient Line:964 - Application version is -1: true
2018-06-29 18:20:42.092 INFO  com.netflix.discovery.DiscoveryClient Line:1047 - Getting all instance registry info from the eureka server
2018-06-29 18:20:42.096 INFO  com.netflix.discovery.DiscoveryClient Line:1056 - The response status is 200
2018-06-29 18:20:42.097 INFO  com.netflix.discovery.DiscoveryClient Line:1264 - Starting heartbeat executor: renew interval is: 20
2018-06-29 18:20:42.098 INFO  com.netflix.discovery.InstanceInfoReplicator Line:60  - InstanceInfoReplicator onDemand update allowed rate per min is 4
2018-06-29 18:20:42.099 INFO  com.netflix.discovery.DiscoveryClient Line:449 - Discovery Client initialized at timestamp 1530267642099 with initial instances count: 2
2018-06-29 18:20:42.117 INFO  com.netflix.config.ChainedDynamicProperty Line:115 - Flipping property: auth.ribbon.ActiveConnectionsLimit to use NEXT property: niws.loadbalancer.availabilityFilteringRule.activeConnectionsLimit = 2147483647
2018-06-29 18:20:42.118 INFO  com.netflix.loadbalancer.DynamicServerListLoadBalancer Line:150 - DynamicServerListLoadBalancer for client auth initialized: DynamicServerListLoadBalancer:{NFLoadBalancer:name=auth,current list of Servers=[192.168.100.88:1201],Load balancer stats=Zone stats: {defaultzone=[Zone:defaultzone;	Instance count:1;	Active connections count: 0;	Circuit breaker tripped count: 0;	Active connections per server: 0.0;]
},Server stats: [[Server:192.168.100.88:1201;	Zone:defaultZone;	Total Requests:0;	Successive connection failure:0;	Total blackout seconds:0;	Last connection made:Thu Jan 01 08:00:00 CST 1970;	First connection made: Thu Jan 01 08:00:00 CST 1970;	Active Connections:0;	total failure count in last (1000) msecs:0;	average resp time:0.0;	90 percentile resp time:0.0;	95 percentile resp time:0.0;	min resp time:0.0;	max resp time:0.0;	stddev resp time:0.0]
]}ServerList:org.springframework.cloud.netflix.ribbon.eureka.DomainExtractingServerList@5cf754
2018-06-29 18:20:42.299 INFO  com.netflix.config.ChainedDynamicProperty Line:115 - Flipping property: pig-upms-service.ribbon.ActiveConnectionsLimit to use NEXT property: niws.loadbalancer.availabilityFilteringRule.activeConnectionsLimit = 2147483647
2018-06-29 18:20:42.303 INFO  com.netflix.util.concurrent.ShutdownEnabledTimer Line:58  - Shutdown hook installed for: NFLoadBalancer-PingTimer-pig-upms-service
2018-06-29 18:20:42.304 INFO  com.netflix.loadbalancer.BaseLoadBalancer Line:192 - Client: pig-upms-service instantiated a LoadBalancer: DynamicServerListLoadBalancer:{NFLoadBalancer:name=pig-upms-service,current list of Servers=[],Load balancer stats=Zone stats: {},Server stats: []}ServerList:null
2018-06-29 18:20:42.304 INFO  com.netflix.loadbalancer.DynamicServerListLoadBalancer Line:222 - Using serverListUpdater PollingServerListUpdater
2018-06-29 18:20:42.305 INFO  com.netflix.loadbalancer.DynamicServerListLoadBalancer Line:150 - DynamicServerListLoadBalancer for client pig-upms-service initialized: DynamicServerListLoadBalancer:{NFLoadBalancer:name=pig-upms-service,current list of Servers=[],Load balancer stats=Zone stats: {},Server stats: []}ServerList:org.springframework.cloud.netflix.ribbon.eureka.DomainExtractingServerList@66b498
2018-06-29 18:20:42.426 INFO  com.netflix.discovery.DiscoveryClient Line:1299 - Saw local status change event StatusChangeEvent [timestamp=1530267642426, current=UP, previous=STARTING]
2018-06-29 18:20:42.427 INFO  com.netflix.discovery.DiscoveryClient Line:826 - DiscoveryClient_MC-SERVICE/3C3KFGGUEXOVEHG:mc-service:4050: registering service...
2018-06-29 18:20:42.448 INFO  com.netflix.discovery.DiscoveryClient Line:835 - DiscoveryClient_MC-SERVICE/3C3KFGGUEXOVEHG:mc-service:4050 - registration status: 204
2018-06-29 18:20:43.036 INFO  com.netflix.config.ChainedDynamicProperty Line:115 - Flipping property: auth.ribbon.ActiveConnectionsLimit to use NEXT property: niws.loadbalancer.availabilityFilteringRule.activeConnectionsLimit = 2147483647
2018-06-29 18:20:57.535 INFO  com.iscas.cloud.quickframe.mc.service.MessageCenterApplication Line:59  - Started MessageCenterApplication in 22.801 seconds (JVM running for 23.241)
2018-06-29 18:20:57.876 INFO  io.undertow.servlet Line:360 - Initializing Spring FrameworkServlet 'dispatcherServlet'
2018-06-29 18:21:05.749 INFO  com.ulisesbocchio.jasyptspringboot.configuration.EnableEncryptablePropertiesConfiguration Line:70  - Bootstraping jasypt-string-boot auto configuration in context: mc-service-1-1
2018-06-29 18:21:05.994 INFO  com.netflix.config.ChainedDynamicProperty Line:115 - Flipping property: auth.ribbon.ActiveConnectionsLimit to use NEXT property: niws.loadbalancer.availabilityFilteringRule.activeConnectionsLimit = 2147483647
2018-06-29 18:21:06.004 INFO  com.netflix.util.concurrent.ShutdownEnabledTimer Line:58  - Shutdown hook installed for: NFLoadBalancer-PingTimer-auth
2018-06-29 18:21:06.018 INFO  com.netflix.loadbalancer.BaseLoadBalancer Line:192 - Client: auth instantiated a LoadBalancer: DynamicServerListLoadBalancer:{NFLoadBalancer:name=auth,current list of Servers=[],Load balancer stats=Zone stats: {},Server stats: []}ServerList:null
2018-06-29 18:21:06.022 INFO  com.netflix.loadbalancer.DynamicServerListLoadBalancer Line:222 - Using serverListUpdater PollingServerListUpdater
2018-06-29 18:21:06.029 INFO  com.netflix.discovery.DiscoveryClient Line:349 - Initializing Eureka in region us-east-1
2018-06-29 18:21:06.032 INFO  com.netflix.discovery.provider.DiscoveryJerseyProvider Line:70  - Using JSON encoding codec LegacyJacksonJson
2018-06-29 18:21:06.033 INFO  com.netflix.discovery.provider.DiscoveryJerseyProvider Line:71  - Using JSON decoding codec LegacyJacksonJson
2018-06-29 18:21:06.033 INFO  com.netflix.discovery.provider.DiscoveryJerseyProvider Line:80  - Using XML encoding codec XStreamXml
2018-06-29 18:21:06.033 INFO  com.netflix.discovery.provider.DiscoveryJerseyProvider Line:81  - Using XML decoding codec XStreamXml
2018-06-29 18:21:06.082 INFO  com.netflix.discovery.shared.resolver.aws.ConfigClusterResolver Line:43  - Resolving eureka endpoints via configuration
2018-06-29 18:21:06.083 INFO  com.netflix.discovery.DiscoveryClient Line:958 - Disable delta property : false
2018-06-29 18:21:06.083 INFO  com.netflix.discovery.DiscoveryClient Line:959 - Single vip registry refresh property : null
2018-06-29 18:21:06.083 INFO  com.netflix.discovery.DiscoveryClient Line:960 - Force full registry fetch : false
2018-06-29 18:21:06.084 INFO  com.netflix.discovery.DiscoveryClient Line:961 - Application is null : false
2018-06-29 18:21:06.084 INFO  com.netflix.discovery.DiscoveryClient Line:962 - Registered Applications size is zero : true
2018-06-29 18:21:06.084 INFO  com.netflix.discovery.DiscoveryClient Line:964 - Application version is -1: true
2018-06-29 18:21:06.084 INFO  com.netflix.discovery.DiscoveryClient Line:1047 - Getting all instance registry info from the eureka server
2018-06-29 18:21:06.092 INFO  com.netflix.discovery.DiscoveryClient Line:1056 - The response status is 200
2018-06-29 18:21:06.094 INFO  com.netflix.discovery.DiscoveryClient Line:1264 - Starting heartbeat executor: renew interval is: 20
2018-06-29 18:21:06.095 INFO  com.netflix.discovery.InstanceInfoReplicator Line:60  - InstanceInfoReplicator onDemand update allowed rate per min is 4
2018-06-29 18:21:06.096 INFO  com.netflix.discovery.DiscoveryClient Line:449 - Discovery Client initialized at timestamp 1530267666096 with initial instances count: 3
2018-06-29 18:21:06.117 INFO  com.netflix.config.ChainedDynamicProperty Line:115 - Flipping property: auth.ribbon.ActiveConnectionsLimit to use NEXT property: niws.loadbalancer.availabilityFilteringRule.activeConnectionsLimit = 2147483647
2018-06-29 18:21:06.119 INFO  com.netflix.loadbalancer.DynamicServerListLoadBalancer Line:150 - DynamicServerListLoadBalancer for client auth initialized: DynamicServerListLoadBalancer:{NFLoadBalancer:name=auth,current list of Servers=[192.168.100.88:1201],Load balancer stats=Zone stats: {defaultzone=[Zone:defaultzone;	Instance count:1;	Active connections count: 0;	Circuit breaker tripped count: 0;	Active connections per server: 0.0;]
},Server stats: [[Server:192.168.100.88:1201;	Zone:defaultZone;	Total Requests:0;	Successive connection failure:0;	Total blackout seconds:0;	Last connection made:Thu Jan 01 08:00:00 CST 1970;	First connection made: Thu Jan 01 08:00:00 CST 1970;	Active Connections:0;	total failure count in last (1000) msecs:0;	average resp time:0.0;	90 percentile resp time:0.0;	95 percentile resp time:0.0;	min resp time:0.0;	max resp time:0.0;	stddev resp time:0.0]
]}ServerList:org.springframework.cloud.netflix.ribbon.eureka.DomainExtractingServerList@1210a3b
2018-06-29 18:21:06.214 INFO  com.netflix.config.ChainedDynamicProperty Line:115 - Flipping property: pig-upms-service.ribbon.ActiveConnectionsLimit to use NEXT property: niws.loadbalancer.availabilityFilteringRule.activeConnectionsLimit = 2147483647
2018-06-29 18:21:06.219 INFO  com.netflix.util.concurrent.ShutdownEnabledTimer Line:58  - Shutdown hook installed for: NFLoadBalancer-PingTimer-pig-upms-service
2018-06-29 18:21:06.220 INFO  com.netflix.loadbalancer.BaseLoadBalancer Line:192 - Client: pig-upms-service instantiated a LoadBalancer: DynamicServerListLoadBalancer:{NFLoadBalancer:name=pig-upms-service,current list of Servers=[],Load balancer stats=Zone stats: {},Server stats: []}ServerList:null
2018-06-29 18:21:06.220 INFO  com.netflix.loadbalancer.DynamicServerListLoadBalancer Line:222 - Using serverListUpdater PollingServerListUpdater
2018-06-29 18:21:06.221 INFO  com.netflix.loadbalancer.DynamicServerListLoadBalancer Line:150 - DynamicServerListLoadBalancer for client pig-upms-service initialized: DynamicServerListLoadBalancer:{NFLoadBalancer:name=pig-upms-service,current list of Servers=[],Load balancer stats=Zone stats: {},Server stats: []}ServerList:org.springframework.cloud.netflix.ribbon.eureka.DomainExtractingServerList@1a055cc
2018-06-29 18:21:06.420 INFO  com.netflix.discovery.DiscoveryClient Line:1299 - Saw local status change event StatusChangeEvent [timestamp=1530267666420, current=UP, previous=STARTING]
2018-06-29 18:21:06.422 INFO  com.netflix.discovery.DiscoveryClient Line:826 - DiscoveryClient_MC-SERVICE/3C3KFGGUEXOVEHG:mc-service:4050: registering service...
2018-06-29 18:21:06.443 INFO  com.netflix.discovery.DiscoveryClient Line:835 - DiscoveryClient_MC-SERVICE/3C3KFGGUEXOVEHG:mc-service:4050 - registration status: 204
2018-06-29 18:21:06.502 INFO  com.iscas.cloud.quickframe.mc.service.MessageCenterApplication Line:59  - Started MessageCenterApplication in 7.702 seconds (JVM running for 8.118)
2018-06-29 18:21:07.029 INFO  com.netflix.config.ChainedDynamicProperty Line:115 - Flipping property: auth.ribbon.ActiveConnectionsLimit to use NEXT property: niws.loadbalancer.availabilityFilteringRule.activeConnectionsLimit = 2147483647
2018-06-29 18:21:07.228 INFO  io.undertow.servlet Line:360 - Initializing Spring FrameworkServlet 'dispatcherServlet'
2018-06-29 18:21:07.770 INFO  io.lettuce.core.EpollProvider Line:101 - Starting without optional epoll library
2018-06-29 18:21:07.771 INFO  io.lettuce.core.KqueueProvider Line:101 - Starting without optional kqueue library
