2018-06-30 11:44:28.829 WARN  org.springframework.cloud.config.client.ConfigServicePropertySourceLocator Line:140 - Could not locate PropertySource: I/O error on GET request for "http://localhost:8888/discovery-eureka/default": Connection refused: connect; nested exception is java.net.ConnectException: Connection refused: connect
2018-06-30 11:44:30.259 WARN  io.undertow.websockets.jsr Line:67  - UT026009: XNIO worker was not set on WebSocketDeploymentInfo, the default worker will be used
2018-06-30 11:44:30.260 WARN  io.undertow.websockets.jsr Line:76  - UT026010: Buffer pool was not set on WebSocketDeploymentInfo, the default pool will be used
2018-06-30 11:44:30.437 WARN  com.netflix.config.sources.URLConfigurationSource Line:121 - No URLs will be polled as dynamic configuration sources.
2018-06-30 11:44:35.448 WARN  com.netflix.config.sources.URLConfigurationSource Line:121 - No URLs will be polled as dynamic configuration sources.
2018-06-30 11:44:36.509 WARN  com.netflix.eureka.cluster.PeerEurekaNodes Line:156 - The replica size seems to be empty. Check the route 53 DNS Registry
2018-06-30 11:44:38.926 WARN  org.springframework.cloud.config.client.ConfigServicePropertySourceLocator Line:140 - Could not locate PropertySource: I/O error on GET request for "http://localhost:8888/discovery-eureka/default": Connection refused: connect; nested exception is java.net.ConnectException: Connection refused: connect
2018-06-30 13:29:53.999 WARN  org.springframework.cloud.config.client.ConfigServicePropertySourceLocator Line:140 - Could not locate PropertySource: I/O error on GET request for "http://localhost:8888/discovery-eureka/default": Connection refused: connect; nested exception is java.net.ConnectException: Connection refused: connect
2018-06-30 13:29:55.242 WARN  io.undertow.websockets.jsr Line:67  - UT026009: XNIO worker was not set on WebSocketDeploymentInfo, the default worker will be used
2018-06-30 13:29:55.243 WARN  io.undertow.websockets.jsr Line:76  - UT026010: Buffer pool was not set on WebSocketDeploymentInfo, the default pool will be used
2018-06-30 13:29:55.408 WARN  com.netflix.config.sources.URLConfigurationSource Line:121 - No URLs will be polled as dynamic configuration sources.
2018-06-30 13:29:58.819 WARN  com.netflix.config.sources.URLConfigurationSource Line:121 - No URLs will be polled as dynamic configuration sources.
2018-06-30 13:29:59.933 WARN  com.netflix.eureka.cluster.PeerEurekaNodes Line:156 - The replica size seems to be empty. Check the route 53 DNS Registry
2018-06-30 13:30:02.011 WARN  org.springframework.cloud.config.client.ConfigServicePropertySourceLocator Line:140 - Could not locate PropertySource: I/O error on GET request for "http://localhost:8888/discovery-eureka/default": Connection refused: connect; nested exception is java.net.ConnectException: Connection refused: connect
2018-06-30 13:39:59.945 WARN  com.netflix.eureka.cluster.PeerEurekaNodes Line:156 - The replica size seems to be empty. Check the route 53 DNS Registry
2018-06-30 13:49:59.948 WARN  com.netflix.eureka.cluster.PeerEurekaNodes Line:156 - The replica size seems to be empty. Check the route 53 DNS Registry
2018-06-30 13:59:59.950 WARN  com.netflix.eureka.cluster.PeerEurekaNodes Line:156 - The replica size seems to be empty. Check the route 53 DNS Registry
2018-06-30 14:09:59.953 WARN  com.netflix.eureka.cluster.PeerEurekaNodes Line:156 - The replica size seems to be empty. Check the route 53 DNS Registry
2018-06-30 14:19:59.956 WARN  com.netflix.eureka.cluster.PeerEurekaNodes Line:156 - The replica size seems to be empty. Check the route 53 DNS Registry
2018-06-30 14:29:59.957 WARN  com.netflix.eureka.cluster.PeerEurekaNodes Line:156 - The replica size seems to be empty. Check the route 53 DNS Registry
2018-06-30 14:39:59.959 WARN  com.netflix.eureka.cluster.PeerEurekaNodes Line:156 - The replica size seems to be empty. Check the route 53 DNS Registry
2018-06-30 14:49:59.961 WARN  com.netflix.eureka.cluster.PeerEurekaNodes Line:156 - The replica size seems to be empty. Check the route 53 DNS Registry
2018-06-30 14:59:59.963 WARN  com.netflix.eureka.cluster.PeerEurekaNodes Line:156 - The replica size seems to be empty. Check the route 53 DNS Registry
2018-06-30 15:09:59.965 WARN  com.netflix.eureka.cluster.PeerEurekaNodes Line:156 - The replica size seems to be empty. Check the route 53 DNS Registry
2018-06-30 15:19:59.967 WARN  com.netflix.eureka.cluster.PeerEurekaNodes Line:156 - The replica size seems to be empty. Check the route 53 DNS Registry
2018-06-30 15:29:59.969 WARN  com.netflix.eureka.cluster.PeerEurekaNodes Line:156 - The replica size seems to be empty. Check the route 53 DNS Registry
2018-06-30 15:39:59.971 WARN  com.netflix.eureka.cluster.PeerEurekaNodes Line:156 - The replica size seems to be empty. Check the route 53 DNS Registry
