2018-06-30 11:44:28.861 INFO  com.iscas.cloud.quickframe.discovery.eureka.EurekaApplication Line:659 - No active profile set, falling back to default profiles: default
2018-06-30 11:44:30.216 INFO  org.xnio Line:104 - XNIO version 3.3.8.Final
2018-06-30 11:44:30.233 INFO  org.xnio.nio Line:55  - XNIO NIO Implementation Version 3.3.8.Final
2018-06-30 11:44:30.282 INFO  io.undertow.servlet Line:360 - Initializing Spring embedded WebApplicationContext
2018-06-30 11:44:30.441 INFO  com.netflix.config.sources.URLConfigurationSource Line:122 - To enable URLs as dynamic configuration sources, define System property archaius.configurationSource.additionalUrls or make config.properties available on classpath.
2018-06-30 11:44:30.453 INFO  com.netflix.config.DynamicPropertyFactory Line:281 - DynamicPropertyFactory is initialized with configuration sources: com.netflix.config.ConcurrentCompositeConfiguration@46963479
2018-06-30 11:44:35.449 INFO  com.netflix.config.sources.URLConfigurationSource Line:122 - To enable URLs as dynamic configuration sources, define System property archaius.configurationSource.additionalUrls or make config.properties available on classpath.
2018-06-30 11:44:36.459 INFO  com.netflix.discovery.DiscoveryClient Line:349 - Initializing Eureka in region us-east-1
2018-06-30 11:44:36.459 INFO  com.netflix.discovery.DiscoveryClient Line:352 - Client configured to neither register nor query for data.
2018-06-30 11:44:36.466 INFO  com.netflix.discovery.DiscoveryClient Line:365 - Discovery Client initialized at timestamp 1530330276464 with initial instances count: 0
2018-06-30 11:44:36.507 INFO  com.netflix.eureka.DefaultEurekaServerContext Line:63  - Initializing ...
2018-06-30 11:44:36.523 INFO  com.netflix.eureka.registry.AbstractInstanceRegistry Line:151 - Finished initializing remote region registries. All known remote regions: []
2018-06-30 11:44:36.524 INFO  com.netflix.eureka.DefaultEurekaServerContext Line:70  - Initialized
2018-06-30 11:44:36.670 INFO  com.netflix.eureka.registry.PeerAwareInstanceRegistryImpl Line:242 - Got 1 instances from neighboring DS node
2018-06-30 11:44:36.672 INFO  com.netflix.eureka.registry.PeerAwareInstanceRegistryImpl Line:243 - Renew threshold is: 1
2018-06-30 11:44:36.673 INFO  com.netflix.eureka.registry.PeerAwareInstanceRegistryImpl Line:254 - Changing status to UP
2018-06-30 11:44:36.732 INFO  com.sun.jersey.server.impl.application.WebApplicationImpl Line:815 - Initiating Jersey application, version 'Jersey: 1.19.1 03/11/2016 02:08 PM'
2018-06-30 11:44:36.796 INFO  com.netflix.discovery.provider.DiscoveryJerseyProvider Line:70  - Using JSON encoding codec LegacyJacksonJson
2018-06-30 11:44:36.796 INFO  com.netflix.discovery.provider.DiscoveryJerseyProvider Line:71  - Using JSON decoding codec LegacyJacksonJson
2018-06-30 11:44:36.796 INFO  com.netflix.discovery.provider.DiscoveryJerseyProvider Line:80  - Using XML encoding codec XStreamXml
2018-06-30 11:44:36.797 INFO  com.netflix.discovery.provider.DiscoveryJerseyProvider Line:81  - Using XML decoding codec XStreamXml
2018-06-30 11:44:37.087 INFO  com.iscas.cloud.quickframe.discovery.eureka.EurekaApplication Line:59  - Started EurekaApplication in 14.88 seconds (JVM running for 16.695)
2018-06-30 11:44:37.091 INFO  com.iscas.cloud.quickframe.discovery.eureka.EurekaApplication Line:40  - eureka启动
2018-06-30 11:44:37.858 INFO  io.undertow.servlet Line:360 - Initializing Spring FrameworkServlet 'dispatcherServlet'
2018-06-30 11:45:36.366 INFO  com.netflix.eureka.registry.AbstractInstanceRegistry Line:269 - Registered instance CONFIG-SERVER/config-server:1101 with status UP (replication=false)
2018-06-30 11:45:36.690 INFO  com.netflix.eureka.registry.AbstractInstanceRegistry Line:1247 - Running the evict task with compensationTime 0ms
2018-06-30 11:46:36.690 INFO  com.netflix.eureka.registry.AbstractInstanceRegistry Line:1247 - Running the evict task with compensationTime 0ms
2018-06-30 11:46:50.073 INFO  com.netflix.eureka.registry.AbstractInstanceRegistry Line:269 - Registered instance AUTH/localhost:auth:1201 with status UP (replication=false)
2018-06-30 11:47:36.690 INFO  com.netflix.eureka.registry.AbstractInstanceRegistry Line:1247 - Running the evict task with compensationTime 0ms
2018-06-30 11:48:36.691 INFO  com.netflix.eureka.registry.AbstractInstanceRegistry Line:1247 - Running the evict task with compensationTime 0ms
2018-06-30 11:49:36.696 INFO  com.netflix.eureka.registry.AbstractInstanceRegistry Line:1247 - Running the evict task with compensationTime 5ms
2018-06-30 13:29:54.015 INFO  com.iscas.cloud.quickframe.discovery.eureka.EurekaApplication Line:659 - No active profile set, falling back to default profiles: default
2018-06-30 13:29:55.204 INFO  org.xnio Line:104 - XNIO version 3.3.8.Final
2018-06-30 13:29:55.217 INFO  org.xnio.nio Line:55  - XNIO NIO Implementation Version 3.3.8.Final
2018-06-30 13:29:55.266 INFO  io.undertow.servlet Line:360 - Initializing Spring embedded WebApplicationContext
2018-06-30 13:29:55.408 INFO  com.netflix.config.sources.URLConfigurationSource Line:122 - To enable URLs as dynamic configuration sources, define System property archaius.configurationSource.additionalUrls or make config.properties available on classpath.
2018-06-30 13:29:55.418 INFO  com.netflix.config.DynamicPropertyFactory Line:281 - DynamicPropertyFactory is initialized with configuration sources: com.netflix.config.ConcurrentCompositeConfiguration@71904469
2018-06-30 13:29:58.820 INFO  com.netflix.config.sources.URLConfigurationSource Line:122 - To enable URLs as dynamic configuration sources, define System property archaius.configurationSource.additionalUrls or make config.properties available on classpath.
2018-06-30 13:29:59.888 INFO  com.netflix.discovery.DiscoveryClient Line:349 - Initializing Eureka in region us-east-1
2018-06-30 13:29:59.889 INFO  com.netflix.discovery.DiscoveryClient Line:352 - Client configured to neither register nor query for data.
2018-06-30 13:29:59.895 INFO  com.netflix.discovery.DiscoveryClient Line:365 - Discovery Client initialized at timestamp 1530336599893 with initial instances count: 0
2018-06-30 13:29:59.931 INFO  com.netflix.eureka.DefaultEurekaServerContext Line:63  - Initializing ...
2018-06-30 13:29:59.946 INFO  com.netflix.eureka.registry.AbstractInstanceRegistry Line:151 - Finished initializing remote region registries. All known remote regions: []
2018-06-30 13:29:59.947 INFO  com.netflix.eureka.DefaultEurekaServerContext Line:70  - Initialized
2018-06-30 13:30:00.074 INFO  com.netflix.eureka.registry.PeerAwareInstanceRegistryImpl Line:242 - Got 1 instances from neighboring DS node
2018-06-30 13:30:00.074 INFO  com.netflix.eureka.registry.PeerAwareInstanceRegistryImpl Line:243 - Renew threshold is: 1
2018-06-30 13:30:00.075 INFO  com.netflix.eureka.registry.PeerAwareInstanceRegistryImpl Line:254 - Changing status to UP
2018-06-30 13:30:00.109 INFO  com.sun.jersey.server.impl.application.WebApplicationImpl Line:815 - Initiating Jersey application, version 'Jersey: 1.19.1 03/11/2016 02:08 PM'
2018-06-30 13:30:00.167 INFO  com.netflix.discovery.provider.DiscoveryJerseyProvider Line:70  - Using JSON encoding codec LegacyJacksonJson
2018-06-30 13:30:00.167 INFO  com.netflix.discovery.provider.DiscoveryJerseyProvider Line:71  - Using JSON decoding codec LegacyJacksonJson
2018-06-30 13:30:00.167 INFO  com.netflix.discovery.provider.DiscoveryJerseyProvider Line:80  - Using XML encoding codec XStreamXml
2018-06-30 13:30:00.167 INFO  com.netflix.discovery.provider.DiscoveryJerseyProvider Line:81  - Using XML decoding codec XStreamXml
2018-06-30 13:30:00.455 INFO  com.iscas.cloud.quickframe.discovery.eureka.EurekaApplication Line:59  - Started EurekaApplication in 11.03 seconds (JVM running for 12.017)
2018-06-30 13:30:00.457 INFO  com.iscas.cloud.quickframe.discovery.eureka.EurekaApplication Line:40  - eureka启动
2018-06-30 13:30:00.994 INFO  io.undertow.servlet Line:360 - Initializing Spring FrameworkServlet 'dispatcherServlet'
2018-06-30 13:30:25.215 INFO  com.netflix.eureka.registry.AbstractInstanceRegistry Line:269 - Registered instance CONFIG-SERVER/config-server:1101 with status UP (replication=false)
2018-06-30 13:30:57.737 INFO  com.netflix.eureka.registry.AbstractInstanceRegistry Line:269 - Registered instance AUTH/localhost:auth:1201 with status UP (replication=false)
2018-06-30 13:31:00.076 INFO  com.netflix.eureka.registry.AbstractInstanceRegistry Line:1247 - Running the evict task with compensationTime 0ms
2018-06-30 13:32:00.077 INFO  com.netflix.eureka.registry.AbstractInstanceRegistry Line:1247 - Running the evict task with compensationTime 0ms
2018-06-30 13:33:00.077 INFO  com.netflix.eureka.registry.AbstractInstanceRegistry Line:1247 - Running the evict task with compensationTime 0ms
2018-06-30 13:34:00.078 INFO  com.netflix.eureka.registry.AbstractInstanceRegistry Line:1247 - Running the evict task with compensationTime 1ms
2018-06-30 13:35:00.079 INFO  com.netflix.eureka.registry.AbstractInstanceRegistry Line:1247 - Running the evict task with compensationTime 1ms
2018-06-30 13:36:00.079 INFO  com.netflix.eureka.registry.AbstractInstanceRegistry Line:1247 - Running the evict task with compensationTime 0ms
2018-06-30 13:37:00.079 INFO  com.netflix.eureka.registry.AbstractInstanceRegistry Line:1247 - Running the evict task with compensationTime 0ms
2018-06-30 13:38:00.079 INFO  com.netflix.eureka.registry.AbstractInstanceRegistry Line:1247 - Running the evict task with compensationTime 0ms
2018-06-30 13:39:00.079 INFO  com.netflix.eureka.registry.AbstractInstanceRegistry Line:1247 - Running the evict task with compensationTime 0ms
2018-06-30 13:40:00.080 INFO  com.netflix.eureka.registry.AbstractInstanceRegistry Line:1247 - Running the evict task with compensationTime 0ms
2018-06-30 13:41:00.080 INFO  com.netflix.eureka.registry.AbstractInstanceRegistry Line:1247 - Running the evict task with compensationTime 0ms
2018-06-30 13:42:00.080 INFO  com.netflix.eureka.registry.AbstractInstanceRegistry Line:1247 - Running the evict task with compensationTime 0ms
2018-06-30 13:43:00.081 INFO  com.netflix.eureka.registry.AbstractInstanceRegistry Line:1247 - Running the evict task with compensationTime 0ms
2018-06-30 13:44:00.081 INFO  com.netflix.eureka.registry.AbstractInstanceRegistry Line:1247 - Running the evict task with compensationTime 0ms
2018-06-30 13:44:59.957 INFO  com.netflix.eureka.registry.PeerAwareInstanceRegistryImpl Line:541 - Current renewal threshold is : 5
2018-06-30 13:45:00.082 INFO  com.netflix.eureka.registry.AbstractInstanceRegistry Line:1247 - Running the evict task with compensationTime 0ms
2018-06-30 13:46:00.082 INFO  com.netflix.eureka.registry.AbstractInstanceRegistry Line:1247 - Running the evict task with compensationTime 0ms
2018-06-30 13:47:00.082 INFO  com.netflix.eureka.registry.AbstractInstanceRegistry Line:1247 - Running the evict task with compensationTime 0ms
2018-06-30 13:48:00.083 INFO  com.netflix.eureka.registry.AbstractInstanceRegistry Line:1247 - Running the evict task with compensationTime 0ms
2018-06-30 13:49:00.084 INFO  com.netflix.eureka.registry.AbstractInstanceRegistry Line:1247 - Running the evict task with compensationTime 0ms
2018-06-30 13:50:00.085 INFO  com.netflix.eureka.registry.AbstractInstanceRegistry Line:1247 - Running the evict task with compensationTime 1ms
2018-06-30 13:51:00.086 INFO  com.netflix.eureka.registry.AbstractInstanceRegistry Line:1247 - Running the evict task with compensationTime 0ms
2018-06-30 13:52:00.086 INFO  com.netflix.eureka.registry.AbstractInstanceRegistry Line:1247 - Running the evict task with compensationTime 0ms
2018-06-30 13:53:00.087 INFO  com.netflix.eureka.registry.AbstractInstanceRegistry Line:1247 - Running the evict task with compensationTime 1ms
2018-06-30 13:54:00.088 INFO  com.netflix.eureka.registry.AbstractInstanceRegistry Line:1247 - Running the evict task with compensationTime 0ms
2018-06-30 13:55:00.088 INFO  com.netflix.eureka.registry.AbstractInstanceRegistry Line:1247 - Running the evict task with compensationTime 0ms
2018-06-30 13:56:00.088 INFO  com.netflix.eureka.registry.AbstractInstanceRegistry Line:1247 - Running the evict task with compensationTime 0ms
2018-06-30 13:57:00.089 INFO  com.netflix.eureka.registry.AbstractInstanceRegistry Line:1247 - Running the evict task with compensationTime 0ms
2018-06-30 13:58:00.089 INFO  com.netflix.eureka.registry.AbstractInstanceRegistry Line:1247 - Running the evict task with compensationTime 0ms
2018-06-30 13:59:00.090 INFO  com.netflix.eureka.registry.AbstractInstanceRegistry Line:1247 - Running the evict task with compensationTime 1ms
2018-06-30 13:59:59.948 INFO  com.netflix.eureka.registry.PeerAwareInstanceRegistryImpl Line:541 - Current renewal threshold is : 5
2018-06-30 14:00:00.090 INFO  com.netflix.eureka.registry.AbstractInstanceRegistry Line:1247 - Running the evict task with compensationTime 0ms
2018-06-30 14:01:00.091 INFO  com.netflix.eureka.registry.AbstractInstanceRegistry Line:1247 - Running the evict task with compensationTime 0ms
2018-06-30 14:02:00.092 INFO  com.netflix.eureka.registry.AbstractInstanceRegistry Line:1247 - Running the evict task with compensationTime 0ms
2018-06-30 14:03:00.093 INFO  com.netflix.eureka.registry.AbstractInstanceRegistry Line:1247 - Running the evict task with compensationTime 0ms
2018-06-30 14:04:00.093 INFO  com.netflix.eureka.registry.AbstractInstanceRegistry Line:1247 - Running the evict task with compensationTime 0ms
2018-06-30 14:05:00.094 INFO  com.netflix.eureka.registry.AbstractInstanceRegistry Line:1247 - Running the evict task with compensationTime 0ms
2018-06-30 14:06:00.094 INFO  com.netflix.eureka.registry.AbstractInstanceRegistry Line:1247 - Running the evict task with compensationTime 0ms
2018-06-30 14:07:00.094 INFO  com.netflix.eureka.registry.AbstractInstanceRegistry Line:1247 - Running the evict task with compensationTime 0ms
2018-06-30 14:08:00.094 INFO  com.netflix.eureka.registry.AbstractInstanceRegistry Line:1247 - Running the evict task with compensationTime 0ms
2018-06-30 14:09:00.095 INFO  com.netflix.eureka.registry.AbstractInstanceRegistry Line:1247 - Running the evict task with compensationTime 0ms
2018-06-30 14:10:00.095 INFO  com.netflix.eureka.registry.AbstractInstanceRegistry Line:1247 - Running the evict task with compensationTime 0ms
2018-06-30 14:11:00.095 INFO  com.netflix.eureka.registry.AbstractInstanceRegistry Line:1247 - Running the evict task with compensationTime 0ms
2018-06-30 14:12:00.096 INFO  com.netflix.eureka.registry.AbstractInstanceRegistry Line:1247 - Running the evict task with compensationTime 0ms
2018-06-30 14:13:00.097 INFO  com.netflix.eureka.registry.AbstractInstanceRegistry Line:1247 - Running the evict task with compensationTime 1ms
2018-06-30 14:14:00.097 INFO  com.netflix.eureka.registry.AbstractInstanceRegistry Line:1247 - Running the evict task with compensationTime 0ms
2018-06-30 14:14:59.949 INFO  com.netflix.eureka.registry.PeerAwareInstanceRegistryImpl Line:541 - Current renewal threshold is : 5
2018-06-30 14:15:00.097 INFO  com.netflix.eureka.registry.AbstractInstanceRegistry Line:1247 - Running the evict task with compensationTime 0ms
2018-06-30 14:16:00.098 INFO  com.netflix.eureka.registry.AbstractInstanceRegistry Line:1247 - Running the evict task with compensationTime 0ms
2018-06-30 14:17:00.098 INFO  com.netflix.eureka.registry.AbstractInstanceRegistry Line:1247 - Running the evict task with compensationTime 0ms
2018-06-30 14:18:00.098 INFO  com.netflix.eureka.registry.AbstractInstanceRegistry Line:1247 - Running the evict task with compensationTime 0ms
2018-06-30 14:19:00.098 INFO  com.netflix.eureka.registry.AbstractInstanceRegistry Line:1247 - Running the evict task with compensationTime 0ms
2018-06-30 14:20:00.099 INFO  com.netflix.eureka.registry.AbstractInstanceRegistry Line:1247 - Running the evict task with compensationTime 0ms
2018-06-30 14:21:00.100 INFO  com.netflix.eureka.registry.AbstractInstanceRegistry Line:1247 - Running the evict task with compensationTime 1ms
2018-06-30 14:22:00.100 INFO  com.netflix.eureka.registry.AbstractInstanceRegistry Line:1247 - Running the evict task with compensationTime 0ms
2018-06-30 14:23:00.100 INFO  com.netflix.eureka.registry.AbstractInstanceRegistry Line:1247 - Running the evict task with compensationTime 0ms
2018-06-30 14:24:00.100 INFO  com.netflix.eureka.registry.AbstractInstanceRegistry Line:1247 - Running the evict task with compensationTime 0ms
2018-06-30 14:25:00.101 INFO  com.netflix.eureka.registry.AbstractInstanceRegistry Line:1247 - Running the evict task with compensationTime 0ms
2018-06-30 14:26:00.102 INFO  com.netflix.eureka.registry.AbstractInstanceRegistry Line:1247 - Running the evict task with compensationTime 1ms
2018-06-30 14:27:00.102 INFO  com.netflix.eureka.registry.AbstractInstanceRegistry Line:1247 - Running the evict task with compensationTime 0ms
2018-06-30 14:28:00.103 INFO  com.netflix.eureka.registry.AbstractInstanceRegistry Line:1247 - Running the evict task with compensationTime 0ms
2018-06-30 14:29:00.103 INFO  com.netflix.eureka.registry.AbstractInstanceRegistry Line:1247 - Running the evict task with compensationTime 0ms
2018-06-30 14:29:59.949 INFO  com.netflix.eureka.registry.PeerAwareInstanceRegistryImpl Line:541 - Current renewal threshold is : 5
2018-06-30 14:30:00.104 INFO  com.netflix.eureka.registry.AbstractInstanceRegistry Line:1247 - Running the evict task with compensationTime 0ms
2018-06-30 14:31:00.104 INFO  com.netflix.eureka.registry.AbstractInstanceRegistry Line:1247 - Running the evict task with compensationTime 0ms
2018-06-30 14:32:00.105 INFO  com.netflix.eureka.registry.AbstractInstanceRegistry Line:1247 - Running the evict task with compensationTime 1ms
2018-06-30 14:33:00.106 INFO  com.netflix.eureka.registry.AbstractInstanceRegistry Line:1247 - Running the evict task with compensationTime 0ms
2018-06-30 14:34:00.106 INFO  com.netflix.eureka.registry.AbstractInstanceRegistry Line:1247 - Running the evict task with compensationTime 0ms
2018-06-30 14:35:00.107 INFO  com.netflix.eureka.registry.AbstractInstanceRegistry Line:1247 - Running the evict task with compensationTime 0ms
2018-06-30 14:36:00.107 INFO  com.netflix.eureka.registry.AbstractInstanceRegistry Line:1247 - Running the evict task with compensationTime 0ms
2018-06-30 14:37:00.107 INFO  com.netflix.eureka.registry.AbstractInstanceRegistry Line:1247 - Running the evict task with compensationTime 0ms
2018-06-30 14:38:00.108 INFO  com.netflix.eureka.registry.AbstractInstanceRegistry Line:1247 - Running the evict task with compensationTime 0ms
2018-06-30 14:39:00.108 INFO  com.netflix.eureka.registry.AbstractInstanceRegistry Line:1247 - Running the evict task with compensationTime 0ms
2018-06-30 14:40:00.108 INFO  com.netflix.eureka.registry.AbstractInstanceRegistry Line:1247 - Running the evict task with compensationTime 0ms
2018-06-30 14:41:00.109 INFO  com.netflix.eureka.registry.AbstractInstanceRegistry Line:1247 - Running the evict task with compensationTime 0ms
2018-06-30 14:42:00.109 INFO  com.netflix.eureka.registry.AbstractInstanceRegistry Line:1247 - Running the evict task with compensationTime 0ms
2018-06-30 14:43:00.109 INFO  com.netflix.eureka.registry.AbstractInstanceRegistry Line:1247 - Running the evict task with compensationTime 0ms
2018-06-30 14:44:00.110 INFO  com.netflix.eureka.registry.AbstractInstanceRegistry Line:1247 - Running the evict task with compensationTime 1ms
2018-06-30 14:44:59.949 INFO  com.netflix.eureka.registry.PeerAwareInstanceRegistryImpl Line:541 - Current renewal threshold is : 5
2018-06-30 14:45:00.110 INFO  com.netflix.eureka.registry.AbstractInstanceRegistry Line:1247 - Running the evict task with compensationTime 0ms
2018-06-30 14:46:00.110 INFO  com.netflix.eureka.registry.AbstractInstanceRegistry Line:1247 - Running the evict task with compensationTime 0ms
2018-06-30 14:47:00.110 INFO  com.netflix.eureka.registry.AbstractInstanceRegistry Line:1247 - Running the evict task with compensationTime 0ms
2018-06-30 14:48:00.110 INFO  com.netflix.eureka.registry.AbstractInstanceRegistry Line:1247 - Running the evict task with compensationTime 0ms
2018-06-30 14:49:00.110 INFO  com.netflix.eureka.registry.AbstractInstanceRegistry Line:1247 - Running the evict task with compensationTime 0ms
2018-06-30 14:50:00.110 INFO  com.netflix.eureka.registry.AbstractInstanceRegistry Line:1247 - Running the evict task with compensationTime 0ms
2018-06-30 14:51:00.111 INFO  com.netflix.eureka.registry.AbstractInstanceRegistry Line:1247 - Running the evict task with compensationTime 0ms
2018-06-30 14:52:00.111 INFO  com.netflix.eureka.registry.AbstractInstanceRegistry Line:1247 - Running the evict task with compensationTime 0ms
2018-06-30 14:53:00.112 INFO  com.netflix.eureka.registry.AbstractInstanceRegistry Line:1247 - Running the evict task with compensationTime 0ms
2018-06-30 14:54:00.112 INFO  com.netflix.eureka.registry.AbstractInstanceRegistry Line:1247 - Running the evict task with compensationTime 0ms
2018-06-30 14:55:00.113 INFO  com.netflix.eureka.registry.AbstractInstanceRegistry Line:1247 - Running the evict task with compensationTime 0ms
2018-06-30 14:56:00.114 INFO  com.netflix.eureka.registry.AbstractInstanceRegistry Line:1247 - Running the evict task with compensationTime 1ms
2018-06-30 14:57:00.114 INFO  com.netflix.eureka.registry.AbstractInstanceRegistry Line:1247 - Running the evict task with compensationTime 0ms
2018-06-30 14:58:00.115 INFO  com.netflix.eureka.registry.AbstractInstanceRegistry Line:1247 - Running the evict task with compensationTime 0ms
2018-06-30 14:59:00.116 INFO  com.netflix.eureka.registry.AbstractInstanceRegistry Line:1247 - Running the evict task with compensationTime 0ms
2018-06-30 14:59:59.950 INFO  com.netflix.eureka.registry.PeerAwareInstanceRegistryImpl Line:541 - Current renewal threshold is : 5
2018-06-30 15:00:00.117 INFO  com.netflix.eureka.registry.AbstractInstanceRegistry Line:1247 - Running the evict task with compensationTime 1ms
2018-06-30 15:01:00.117 INFO  com.netflix.eureka.registry.AbstractInstanceRegistry Line:1247 - Running the evict task with compensationTime 0ms
2018-06-30 15:02:00.118 INFO  com.netflix.eureka.registry.AbstractInstanceRegistry Line:1247 - Running the evict task with compensationTime 0ms
2018-06-30 15:03:00.118 INFO  com.netflix.eureka.registry.AbstractInstanceRegistry Line:1247 - Running the evict task with compensationTime 0ms
2018-06-30 15:04:00.118 INFO  com.netflix.eureka.registry.AbstractInstanceRegistry Line:1247 - Running the evict task with compensationTime 0ms
2018-06-30 15:05:00.119 INFO  com.netflix.eureka.registry.AbstractInstanceRegistry Line:1247 - Running the evict task with compensationTime 0ms
2018-06-30 15:06:00.119 INFO  com.netflix.eureka.registry.AbstractInstanceRegistry Line:1247 - Running the evict task with compensationTime 0ms
2018-06-30 15:07:00.120 INFO  com.netflix.eureka.registry.AbstractInstanceRegistry Line:1247 - Running the evict task with compensationTime 0ms
2018-06-30 15:08:00.120 INFO  com.netflix.eureka.registry.AbstractInstanceRegistry Line:1247 - Running the evict task with compensationTime 0ms
2018-06-30 15:09:00.121 INFO  com.netflix.eureka.registry.AbstractInstanceRegistry Line:1247 - Running the evict task with compensationTime 0ms
2018-06-30 15:10:00.121 INFO  com.netflix.eureka.registry.AbstractInstanceRegistry Line:1247 - Running the evict task with compensationTime 0ms
2018-06-30 15:11:00.121 INFO  com.netflix.eureka.registry.AbstractInstanceRegistry Line:1247 - Running the evict task with compensationTime 0ms
2018-06-30 15:12:00.121 INFO  com.netflix.eureka.registry.AbstractInstanceRegistry Line:1247 - Running the evict task with compensationTime 0ms
2018-06-30 15:13:00.121 INFO  com.netflix.eureka.registry.AbstractInstanceRegistry Line:1247 - Running the evict task with compensationTime 0ms
2018-06-30 15:14:00.124 INFO  com.netflix.eureka.registry.AbstractInstanceRegistry Line:1247 - Running the evict task with compensationTime 0ms
2018-06-30 15:14:59.951 INFO  com.netflix.eureka.registry.PeerAwareInstanceRegistryImpl Line:541 - Current renewal threshold is : 5
2018-06-30 15:15:00.123 INFO  com.netflix.eureka.registry.AbstractInstanceRegistry Line:1247 - Running the evict task with compensationTime 0ms
2018-06-30 15:16:00.123 INFO  com.netflix.eureka.registry.AbstractInstanceRegistry Line:1247 - Running the evict task with compensationTime 0ms
2018-06-30 15:17:00.124 INFO  com.netflix.eureka.registry.AbstractInstanceRegistry Line:1247 - Running the evict task with compensationTime 0ms
2018-06-30 15:18:00.125 INFO  com.netflix.eureka.registry.AbstractInstanceRegistry Line:1247 - Running the evict task with compensationTime 0ms
2018-06-30 15:19:00.125 INFO  com.netflix.eureka.registry.AbstractInstanceRegistry Line:1247 - Running the evict task with compensationTime 0ms
2018-06-30 15:20:00.125 INFO  com.netflix.eureka.registry.AbstractInstanceRegistry Line:1247 - Running the evict task with compensationTime 0ms
2018-06-30 15:21:00.126 INFO  com.netflix.eureka.registry.AbstractInstanceRegistry Line:1247 - Running the evict task with compensationTime 0ms
2018-06-30 15:22:00.126 INFO  com.netflix.eureka.registry.AbstractInstanceRegistry Line:1247 - Running the evict task with compensationTime 0ms
2018-06-30 15:23:00.127 INFO  com.netflix.eureka.registry.AbstractInstanceRegistry Line:1247 - Running the evict task with compensationTime 0ms
2018-06-30 15:24:00.128 INFO  com.netflix.eureka.registry.AbstractInstanceRegistry Line:1247 - Running the evict task with compensationTime 0ms
2018-06-30 15:25:00.128 INFO  com.netflix.eureka.registry.AbstractInstanceRegistry Line:1247 - Running the evict task with compensationTime 0ms
2018-06-30 15:26:00.128 INFO  com.netflix.eureka.registry.AbstractInstanceRegistry Line:1247 - Running the evict task with compensationTime 0ms
2018-06-30 15:27:00.128 INFO  com.netflix.eureka.registry.AbstractInstanceRegistry Line:1247 - Running the evict task with compensationTime 0ms
2018-06-30 15:28:00.129 INFO  com.netflix.eureka.registry.AbstractInstanceRegistry Line:1247 - Running the evict task with compensationTime 0ms
2018-06-30 15:29:00.129 INFO  com.netflix.eureka.registry.AbstractInstanceRegistry Line:1247 - Running the evict task with compensationTime 0ms
2018-06-30 15:29:59.952 INFO  com.netflix.eureka.registry.PeerAwareInstanceRegistryImpl Line:541 - Current renewal threshold is : 5
2018-06-30 15:30:00.129 INFO  com.netflix.eureka.registry.AbstractInstanceRegistry Line:1247 - Running the evict task with compensationTime 0ms
2018-06-30 15:31:00.130 INFO  com.netflix.eureka.registry.AbstractInstanceRegistry Line:1247 - Running the evict task with compensationTime 0ms
2018-06-30 15:32:00.131 INFO  com.netflix.eureka.registry.AbstractInstanceRegistry Line:1247 - Running the evict task with compensationTime 0ms
2018-06-30 15:33:00.132 INFO  com.netflix.eureka.registry.AbstractInstanceRegistry Line:1247 - Running the evict task with compensationTime 1ms
2018-06-30 15:34:00.132 INFO  com.netflix.eureka.registry.AbstractInstanceRegistry Line:1247 - Running the evict task with compensationTime 0ms
2018-06-30 15:35:00.133 INFO  com.netflix.eureka.registry.AbstractInstanceRegistry Line:1247 - Running the evict task with compensationTime 0ms
2018-06-30 15:36:00.134 INFO  com.netflix.eureka.registry.AbstractInstanceRegistry Line:1247 - Running the evict task with compensationTime 0ms
2018-06-30 15:37:00.135 INFO  com.netflix.eureka.registry.AbstractInstanceRegistry Line:1247 - Running the evict task with compensationTime 1ms
2018-06-30 15:38:00.135 INFO  com.netflix.eureka.registry.AbstractInstanceRegistry Line:1247 - Running the evict task with compensationTime 0ms
2018-06-30 15:39:00.136 INFO  com.netflix.eureka.registry.AbstractInstanceRegistry Line:1247 - Running the evict task with compensationTime 0ms
2018-06-30 15:40:00.136 INFO  com.netflix.eureka.registry.AbstractInstanceRegistry Line:1247 - Running the evict task with compensationTime 0ms
2018-06-30 15:41:00.136 INFO  com.netflix.eureka.registry.AbstractInstanceRegistry Line:1247 - Running the evict task with compensationTime 0ms
2018-06-30 15:42:00.136 INFO  com.netflix.eureka.registry.AbstractInstanceRegistry Line:1247 - Running the evict task with compensationTime 0ms
2018-06-30 15:43:00.137 INFO  com.netflix.eureka.registry.AbstractInstanceRegistry Line:1247 - Running the evict task with compensationTime 1ms
2018-06-30 15:44:00.137 INFO  com.netflix.eureka.registry.AbstractInstanceRegistry Line:1247 - Running the evict task with compensationTime 0ms
2018-06-30 15:44:59.955 INFO  com.netflix.eureka.registry.PeerAwareInstanceRegistryImpl Line:541 - Current renewal threshold is : 5
2018-06-30 15:45:00.137 INFO  com.netflix.eureka.registry.AbstractInstanceRegistry Line:1247 - Running the evict task with compensationTime 0ms
