2018-06-28 14:19:09.937 ERROR org.springframework.boot.web.embedded.tomcat.TomcatStarter Line:62  - Error starting Tomcat context. Exception: org.springframework.beans.factory.BeanCreationException. Message: Error creating bean with name 'servletEndpointRegistrar' defined in class path resource [org/springframework/boot/actuate/autoconfigure/endpoint/web/ServletEndpointManagementContextConfiguration$WebMvcServletEndpointManagementContextConfiguration.class]: Bean instantiation via factory method failed; nested exception is org.springframework.beans.BeanInstantiationException: Failed to instantiate [org.springframework.boot.actuate.endpoint.web.ServletEndpointRegistrar]: Factory method 'servletEndpointRegistrar' threw exception; nested exception is org.springframework.beans.factory.BeanCreationException: Error creating bean with name 'healthEndpoint' defined in class path resource [org/springframework/boot/actuate/autoconfigure/health/HealthEndpointConfiguration.class]: Bean instantiation via factory method failed; nested exception is org.springframework.beans.BeanInstantiationException: Failed to instantiate [org.springframework.boot.actuate.health.HealthEndpoint]: Factory method 'healthEndpoint' threw exception; nested exception is org.springframework.beans.factory.UnsatisfiedDependencyException: Error creating bean with name 'discoveryCompositeHealthIndicator' defined in class path resource [org/springframework/cloud/client/CommonsClientAutoConfiguration$DiscoveryLoadBalancerConfiguration.class]: Unsatisfied dependency expressed through method 'discoveryCompositeHealthIndicator' parameter 1; nested exception is org.springframework.beans.factory.UnsatisfiedDependencyException: Error creating bean with name 'eurekaHealthIndicator' defined in class path resource [org/springframework/cloud/netflix/eureka/EurekaClientAutoConfiguration$EurekaHealthIndicatorConfiguration.class]: Unsatisfied dependency expressed through method 'eurekaHealthIndicator' parameter 1; nested exception is org.springframework.boot.context.properties.ConfigurationPropertiesBindException: Error creating bean with name 'eurekaInstanceConfigBean': Could not bind properties to 'EurekaInstanceConfigBean' : prefix=eureka.instance, ignoreInvalidFields=false, ignoreUnknownFields=true; nested exception is org.springframework.boot.context.properties.bind.BindException: Failed to bind properties under 'eureka.instance.environment' to org.springframework.core.env.Environment
2018-06-28 14:19:09.975 ERROR org.springframework.boot.diagnostics.LoggingFailureAnalysisReporter Line:42  - 

***************************
APPLICATION FAILED TO START
***************************

Description:

Failed to bind properties under 'eureka.instance.environment' to org.springframework.core.env.Environment:

    Property: eureka.instance.environment
    Value: cloud-quickframe
    Origin: class path resource [bootstrap.yml]:18:18
    Reason: No converter found capable of converting from type [java.lang.String] to type [org.springframework.core.env.Environment]

Action:

Update your application's configuration

2018-06-28 14:19:37.095 ERROR org.springframework.boot.web.embedded.tomcat.TomcatStarter Line:62  - Error starting Tomcat context. Exception: org.springframework.beans.factory.BeanCreationException. Message: Error creating bean with name 'servletEndpointRegistrar' defined in class path resource [org/springframework/boot/actuate/autoconfigure/endpoint/web/ServletEndpointManagementContextConfiguration$WebMvcServletEndpointManagementContextConfiguration.class]: Bean instantiation via factory method failed; nested exception is org.springframework.beans.BeanInstantiationException: Failed to instantiate [org.springframework.boot.actuate.endpoint.web.ServletEndpointRegistrar]: Factory method 'servletEndpointRegistrar' threw exception; nested exception is org.springframework.beans.factory.BeanCreationException: Error creating bean with name 'healthEndpoint' defined in class path resource [org/springframework/boot/actuate/autoconfigure/health/HealthEndpointConfiguration.class]: Bean instantiation via factory method failed; nested exception is org.springframework.beans.BeanInstantiationException: Failed to instantiate [org.springframework.boot.actuate.health.HealthEndpoint]: Factory method 'healthEndpoint' threw exception; nested exception is org.springframework.beans.factory.UnsatisfiedDependencyException: Error creating bean with name 'discoveryCompositeHealthIndicator' defined in class path resource [org/springframework/cloud/client/CommonsClientAutoConfiguration$DiscoveryLoadBalancerConfiguration.class]: Unsatisfied dependency expressed through method 'discoveryCompositeHealthIndicator' parameter 1; nested exception is org.springframework.beans.factory.UnsatisfiedDependencyException: Error creating bean with name 'eurekaHealthIndicator' defined in class path resource [org/springframework/cloud/netflix/eureka/EurekaClientAutoConfiguration$EurekaHealthIndicatorConfiguration.class]: Unsatisfied dependency expressed through method 'eurekaHealthIndicator' parameter 1; nested exception is org.springframework.boot.context.properties.ConfigurationPropertiesBindException: Error creating bean with name 'eurekaInstanceConfigBean': Could not bind properties to 'EurekaInstanceConfigBean' : prefix=eureka.instance, ignoreInvalidFields=false, ignoreUnknownFields=true; nested exception is org.springframework.boot.context.properties.bind.BindException: Failed to bind properties under 'eureka.instance.environment' to org.springframework.core.env.Environment
2018-06-28 14:19:37.121 ERROR org.springframework.boot.diagnostics.LoggingFailureAnalysisReporter Line:42  - 

***************************
APPLICATION FAILED TO START
***************************

Description:

Failed to bind properties under 'eureka.instance.environment' to org.springframework.core.env.Environment:

    Property: eureka.instance.environment
    Value: cloud-quickframe
    Origin: class path resource [bootstrap.yml]:18:18
    Reason: No converter found capable of converting from type [java.lang.String] to type [org.springframework.core.env.Environment]

Action:

Update your application's configuration

