2018-06-29 15:38:18.993 INFO  com.netflix.discovery.DiscoveryClient Line:349 - Initializing Eureka in region us-east-1
2018-06-29 15:38:19.165 INFO  com.netflix.discovery.provider.DiscoveryJerseyProvider Line:70  - Using JSON encoding codec LegacyJacksonJson
2018-06-29 15:38:19.166 INFO  com.netflix.discovery.provider.DiscoveryJerseyProvider Line:71  - Using JSON decoding codec LegacyJacksonJson
2018-06-29 15:38:19.225 INFO  com.netflix.discovery.provider.DiscoveryJerseyProvider Line:80  - Using XML encoding codec XStreamXml
2018-06-29 15:38:19.226 INFO  com.netflix.discovery.provider.DiscoveryJerseyProvider Line:81  - Using XML decoding codec XStreamXml
2018-06-29 15:38:19.330 INFO  com.netflix.discovery.shared.resolver.aws.ConfigClusterResolver Line:43  - Resolving eureka endpoints via configuration
2018-06-29 15:38:19.382 INFO  com.netflix.discovery.DiscoveryClient Line:958 - Disable delta property : false
2018-06-29 15:38:19.383 INFO  com.netflix.discovery.DiscoveryClient Line:959 - Single vip registry refresh property : null
2018-06-29 15:38:19.383 INFO  com.netflix.discovery.DiscoveryClient Line:960 - Force full registry fetch : false
2018-06-29 15:38:19.383 INFO  com.netflix.discovery.DiscoveryClient Line:961 - Application is null : false
2018-06-29 15:38:19.383 INFO  com.netflix.discovery.DiscoveryClient Line:962 - Registered Applications size is zero : true
2018-06-29 15:38:19.383 INFO  com.netflix.discovery.DiscoveryClient Line:964 - Application version is -1: true
2018-06-29 15:38:19.383 INFO  com.netflix.discovery.DiscoveryClient Line:1047 - Getting all instance registry info from the eureka server
2018-06-29 15:38:19.513 INFO  com.netflix.discovery.DiscoveryClient Line:1056 - The response status is 200
2018-06-29 15:38:19.515 INFO  com.netflix.discovery.DiscoveryClient Line:1311 - Not registering with Eureka server per configuration
2018-06-29 15:38:19.517 INFO  com.netflix.discovery.DiscoveryClient Line:449 - Discovery Client initialized at timestamp 1530257899517 with initial instances count: 2
2018-06-29 15:38:21.867 INFO  com.iscas.cloud.quickframe.deamon.service.DaemonApplication Line:663 - The following profiles are active: dev
2018-06-29 15:38:22.350 INFO  com.netflix.config.sources.URLConfigurationSource Line:122 - To enable URLs as dynamic configuration sources, define System property archaius.configurationSource.additionalUrls or make config.properties available on classpath.
2018-06-29 15:38:22.352 INFO  com.netflix.config.sources.URLConfigurationSource Line:122 - To enable URLs as dynamic configuration sources, define System property archaius.configurationSource.additionalUrls or make config.properties available on classpath.
2018-06-29 15:40:54.287 INFO  org.springframework.context.annotation.AnnotationConfigApplicationContext Line:590 - Refreshing org.springframework.context.annotation.AnnotationConfigApplicationContext@10f7aa: startup date [Fri Jun 29 15:40:54 CST 2018]; root of context hierarchy
2018-06-29 15:40:54.619 INFO  org.springframework.beans.factory.annotation.AutowiredAnnotationBeanPostProcessor Line:154 - JSR-330 'javax.inject.Inject' annotation found and supported for autowiring
2018-06-29 15:40:54.641 INFO  org.springframework.context.support.PostProcessorRegistrationDelegate$BeanPostProcessorChecker Line:328 - Bean 'configurationPropertiesRebinderAutoConfiguration' of type [org.springframework.cloud.autoconfigure.ConfigurationPropertiesRebinderAutoConfiguration$$EnhancerBySpringCGLIB$$25a2750f] is not eligible for getting processed by all BeanPostProcessors (for example: not eligible for auto-proxying)
2018-06-29 15:40:54.810 INFO  org.springframework.cloud.netflix.eureka.InstanceInfoFactory Line:71  - Setting initial instance status as: STARTING
2018-06-29 15:40:54.845 INFO  com.netflix.discovery.DiscoveryClient Line:349 - Initializing Eureka in region us-east-1
2018-06-29 15:40:55.056 INFO  com.netflix.discovery.provider.DiscoveryJerseyProvider Line:70  - Using JSON encoding codec LegacyJacksonJson
2018-06-29 15:40:55.056 INFO  com.netflix.discovery.provider.DiscoveryJerseyProvider Line:71  - Using JSON decoding codec LegacyJacksonJson
2018-06-29 15:40:55.125 INFO  com.netflix.discovery.provider.DiscoveryJerseyProvider Line:80  - Using XML encoding codec XStreamXml
2018-06-29 15:40:55.125 INFO  com.netflix.discovery.provider.DiscoveryJerseyProvider Line:81  - Using XML decoding codec XStreamXml
2018-06-29 15:40:55.248 INFO  com.netflix.discovery.shared.resolver.aws.ConfigClusterResolver Line:43  - Resolving eureka endpoints via configuration
2018-06-29 15:40:55.296 INFO  com.netflix.discovery.DiscoveryClient Line:958 - Disable delta property : false
2018-06-29 15:40:55.296 INFO  com.netflix.discovery.DiscoveryClient Line:959 - Single vip registry refresh property : null
2018-06-29 15:40:55.296 INFO  com.netflix.discovery.DiscoveryClient Line:960 - Force full registry fetch : false
2018-06-29 15:40:55.296 INFO  com.netflix.discovery.DiscoveryClient Line:961 - Application is null : false
2018-06-29 15:40:55.297 INFO  com.netflix.discovery.DiscoveryClient Line:962 - Registered Applications size is zero : true
2018-06-29 15:40:55.297 INFO  com.netflix.discovery.DiscoveryClient Line:964 - Application version is -1: true
2018-06-29 15:40:55.297 INFO  com.netflix.discovery.DiscoveryClient Line:1047 - Getting all instance registry info from the eureka server
2018-06-29 15:40:55.404 INFO  com.netflix.discovery.DiscoveryClient Line:1056 - The response status is 200
2018-06-29 15:40:55.406 INFO  com.netflix.discovery.DiscoveryClient Line:1311 - Not registering with Eureka server per configuration
2018-06-29 15:40:55.408 INFO  com.netflix.discovery.DiscoveryClient Line:449 - Discovery Client initialized at timestamp 1530258055408 with initial instances count: 2
2018-06-29 15:40:55.588 INFO  org.springframework.cloud.config.client.ConfigServicePropertySourceLocator Line:205 - Fetching config from server at : http://192.168.100.88:1101/
2018-06-29 15:40:56.334 INFO  org.springframework.cloud.config.client.ConfigServicePropertySourceLocator Line:149 - Located environment: name=deamon-service, profiles=[dev], label=dev, version=850319ffa23f6df85c41c63fd340342a37a3e3cc, state=null
2018-06-29 15:40:56.335 INFO  org.springframework.cloud.bootstrap.config.PropertySourceBootstrapConfiguration Line:98  - Located property source: CompositePropertySource {name='configService', propertySources=[MapPropertySource {name='configClient'}, MapPropertySource {name='https://gitee.com/quanwen1989/cloud-quickframe-config.git/deamon-service-dev.yml'}, MapPropertySource {name='https://gitee.com/quanwen1989/cloud-quickframe-config.git/application-dev.yml'}]}
2018-06-29 15:40:56.337 INFO  com.iscas.cloud.quickframe.deamon.service.DaemonApplication Line:663 - The following profiles are active: dev
2018-06-29 15:40:56.343 INFO  org.springframework.context.annotation.AnnotationConfigApplicationContext Line:590 - Refreshing org.springframework.context.annotation.AnnotationConfigApplicationContext@12ce654: startup date [Fri Jun 29 15:40:56 CST 2018]; parent: org.springframework.context.annotation.AnnotationConfigApplicationContext@10f7aa
2018-06-29 15:40:56.679 INFO  org.springframework.beans.factory.support.DefaultListableBeanFactory Line:824 - Overriding bean definition for bean 'dataSource' with a different definition: replacing [Root bean: class [null]; scope=refresh; abstract=false; lazyInit=false; autowireMode=3; dependencyCheck=0; autowireCandidate=false; primary=false; factoryBeanName=org.springframework.boot.autoconfigure.jdbc.DataSourceConfiguration$Hikari; factoryMethodName=dataSource; initMethodName=null; destroyMethodName=(inferred); defined in class path resource [org/springframework/boot/autoconfigure/jdbc/DataSourceConfiguration$Hikari.class]] with [Root bean: class [org.springframework.aop.scope.ScopedProxyFactoryBean]; scope=; abstract=false; lazyInit=false; autowireMode=0; dependencyCheck=0; autowireCandidate=true; primary=false; factoryBeanName=null; factoryMethodName=null; initMethodName=null; destroyMethodName=null; defined in BeanDefinition defined in class path resource [org/springframework/boot/autoconfigure/jdbc/DataSourceConfiguration$Hikari.class]]
2018-06-29 15:40:56.764 INFO  org.springframework.cloud.context.scope.GenericScope Line:294 - BeanFactory id=98ac56c6-0f77-3ee9-8bd2-61e279f32c9c
2018-06-29 15:40:56.771 INFO  org.springframework.beans.factory.annotation.AutowiredAnnotationBeanPostProcessor Line:154 - JSR-330 'javax.inject.Inject' annotation found and supported for autowiring
2018-06-29 15:40:56.819 INFO  org.springframework.context.support.PostProcessorRegistrationDelegate$BeanPostProcessorChecker Line:328 - Bean 'org.springframework.transaction.annotation.ProxyTransactionManagementConfiguration' of type [org.springframework.transaction.annotation.ProxyTransactionManagementConfiguration$$EnhancerBySpringCGLIB$$9887212] is not eligible for getting processed by all BeanPostProcessors (for example: not eligible for auto-proxying)
2018-06-29 15:40:56.838 INFO  org.springframework.context.support.PostProcessorRegistrationDelegate$BeanPostProcessorChecker Line:328 - Bean 'org.springframework.cloud.autoconfigure.ConfigurationPropertiesRebinderAutoConfiguration' of type [org.springframework.cloud.autoconfigure.ConfigurationPropertiesRebinderAutoConfiguration$$EnhancerBySpringCGLIB$$25a2750f] is not eligible for getting processed by all BeanPostProcessors (for example: not eligible for auto-proxying)
2018-06-29 15:40:56.863 INFO  com.netflix.config.sources.URLConfigurationSource Line:122 - To enable URLs as dynamic configuration sources, define System property archaius.configurationSource.additionalUrls or make config.properties available on classpath.
2018-06-29 15:40:56.868 INFO  com.netflix.config.sources.URLConfigurationSource Line:122 - To enable URLs as dynamic configuration sources, define System property archaius.configurationSource.additionalUrls or make config.properties available on classpath.
2018-06-29 15:40:56.898 INFO  org.springframework.boot.autoconfigure.logging.ConditionEvaluationReportLoggingListener Line:101 - 

Error starting ApplicationContext. To display the conditions report re-run your application with 'debug' enabled.
2018-06-29 15:41:47.503 INFO  org.springframework.context.annotation.AnnotationConfigApplicationContext Line:590 - Refreshing org.springframework.context.annotation.AnnotationConfigApplicationContext@11a5887: startup date [Fri Jun 29 15:41:47 CST 2018]; root of context hierarchy
2018-06-29 15:41:47.674 INFO  org.springframework.beans.factory.annotation.AutowiredAnnotationBeanPostProcessor Line:154 - JSR-330 'javax.inject.Inject' annotation found and supported for autowiring
2018-06-29 15:41:47.693 INFO  org.springframework.context.support.PostProcessorRegistrationDelegate$BeanPostProcessorChecker Line:328 - Bean 'configurationPropertiesRebinderAutoConfiguration' of type [org.springframework.cloud.autoconfigure.ConfigurationPropertiesRebinderAutoConfiguration$$EnhancerBySpringCGLIB$$5ed4eaf1] is not eligible for getting processed by all BeanPostProcessors (for example: not eligible for auto-proxying)
2018-06-29 15:41:47.857 INFO  org.springframework.cloud.netflix.eureka.InstanceInfoFactory Line:71  - Setting initial instance status as: STARTING
2018-06-29 15:41:47.894 INFO  com.netflix.discovery.DiscoveryClient Line:349 - Initializing Eureka in region us-east-1
2018-06-29 15:41:48.066 INFO  com.netflix.discovery.provider.DiscoveryJerseyProvider Line:70  - Using JSON encoding codec LegacyJacksonJson
2018-06-29 15:41:48.067 INFO  com.netflix.discovery.provider.DiscoveryJerseyProvider Line:71  - Using JSON decoding codec LegacyJacksonJson
2018-06-29 15:41:48.124 INFO  com.netflix.discovery.provider.DiscoveryJerseyProvider Line:80  - Using XML encoding codec XStreamXml
2018-06-29 15:41:48.124 INFO  com.netflix.discovery.provider.DiscoveryJerseyProvider Line:81  - Using XML decoding codec XStreamXml
2018-06-29 15:41:48.228 INFO  com.netflix.discovery.shared.resolver.aws.ConfigClusterResolver Line:43  - Resolving eureka endpoints via configuration
2018-06-29 15:41:48.279 INFO  com.netflix.discovery.DiscoveryClient Line:958 - Disable delta property : false
2018-06-29 15:41:48.279 INFO  com.netflix.discovery.DiscoveryClient Line:959 - Single vip registry refresh property : null
2018-06-29 15:41:48.280 INFO  com.netflix.discovery.DiscoveryClient Line:960 - Force full registry fetch : false
2018-06-29 15:41:48.280 INFO  com.netflix.discovery.DiscoveryClient Line:961 - Application is null : false
2018-06-29 15:41:48.280 INFO  com.netflix.discovery.DiscoveryClient Line:962 - Registered Applications size is zero : true
2018-06-29 15:41:48.280 INFO  com.netflix.discovery.DiscoveryClient Line:964 - Application version is -1: true
2018-06-29 15:41:48.280 INFO  com.netflix.discovery.DiscoveryClient Line:1047 - Getting all instance registry info from the eureka server
2018-06-29 15:41:48.404 INFO  com.netflix.discovery.DiscoveryClient Line:1056 - The response status is 200
2018-06-29 15:41:48.406 INFO  com.netflix.discovery.DiscoveryClient Line:1311 - Not registering with Eureka server per configuration
2018-06-29 15:41:48.408 INFO  com.netflix.discovery.DiscoveryClient Line:449 - Discovery Client initialized at timestamp 1530258108408 with initial instances count: 2
2018-06-29 15:41:48.592 INFO  org.springframework.cloud.config.client.ConfigServicePropertySourceLocator Line:205 - Fetching config from server at : http://192.168.100.88:1101/
2018-06-29 15:41:48.995 INFO  org.springframework.cloud.config.client.ConfigServicePropertySourceLocator Line:149 - Located environment: name=deamon-service, profiles=[dev], label=dev, version=850319ffa23f6df85c41c63fd340342a37a3e3cc, state=null
2018-06-29 15:41:48.995 INFO  org.springframework.cloud.bootstrap.config.PropertySourceBootstrapConfiguration Line:98  - Located property source: CompositePropertySource {name='configService', propertySources=[MapPropertySource {name='configClient'}, MapPropertySource {name='https://gitee.com/quanwen1989/cloud-quickframe-config.git/deamon-service-dev.yml'}, MapPropertySource {name='https://gitee.com/quanwen1989/cloud-quickframe-config.git/application-dev.yml'}]}
2018-06-29 15:41:48.997 INFO  com.iscas.cloud.quickframe.deamon.service.DaemonApplication Line:663 - The following profiles are active: dev
2018-06-29 15:41:49.006 INFO  org.springframework.context.annotation.AnnotationConfigApplicationContext Line:590 - Refreshing org.springframework.context.annotation.AnnotationConfigApplicationContext@18270b2: startup date [Fri Jun 29 15:41:49 CST 2018]; parent: org.springframework.context.annotation.AnnotationConfigApplicationContext@11a5887
2018-06-29 15:41:49.307 INFO  org.springframework.beans.factory.support.DefaultListableBeanFactory Line:824 - Overriding bean definition for bean 'dataSource' with a different definition: replacing [Root bean: class [null]; scope=refresh; abstract=false; lazyInit=false; autowireMode=3; dependencyCheck=0; autowireCandidate=false; primary=false; factoryBeanName=org.springframework.boot.autoconfigure.jdbc.DataSourceConfiguration$Hikari; factoryMethodName=dataSource; initMethodName=null; destroyMethodName=(inferred); defined in class path resource [org/springframework/boot/autoconfigure/jdbc/DataSourceConfiguration$Hikari.class]] with [Root bean: class [org.springframework.aop.scope.ScopedProxyFactoryBean]; scope=; abstract=false; lazyInit=false; autowireMode=0; dependencyCheck=0; autowireCandidate=true; primary=false; factoryBeanName=null; factoryMethodName=null; initMethodName=null; destroyMethodName=null; defined in BeanDefinition defined in class path resource [org/springframework/boot/autoconfigure/jdbc/DataSourceConfiguration$Hikari.class]]
2018-06-29 15:41:49.394 INFO  org.springframework.cloud.context.scope.GenericScope Line:294 - BeanFactory id=98ac56c6-0f77-3ee9-8bd2-61e279f32c9c
2018-06-29 15:41:49.401 INFO  org.springframework.beans.factory.annotation.AutowiredAnnotationBeanPostProcessor Line:154 - JSR-330 'javax.inject.Inject' annotation found and supported for autowiring
2018-06-29 15:41:49.449 INFO  org.springframework.context.support.PostProcessorRegistrationDelegate$BeanPostProcessorChecker Line:328 - Bean 'org.springframework.transaction.annotation.ProxyTransactionManagementConfiguration' of type [org.springframework.transaction.annotation.ProxyTransactionManagementConfiguration$$EnhancerBySpringCGLIB$$42bae7f4] is not eligible for getting processed by all BeanPostProcessors (for example: not eligible for auto-proxying)
2018-06-29 15:41:49.466 INFO  org.springframework.context.support.PostProcessorRegistrationDelegate$BeanPostProcessorChecker Line:328 - Bean 'org.springframework.cloud.autoconfigure.ConfigurationPropertiesRebinderAutoConfiguration' of type [org.springframework.cloud.autoconfigure.ConfigurationPropertiesRebinderAutoConfiguration$$EnhancerBySpringCGLIB$$5ed4eaf1] is not eligible for getting processed by all BeanPostProcessors (for example: not eligible for auto-proxying)
2018-06-29 15:41:49.493 INFO  com.netflix.config.sources.URLConfigurationSource Line:122 - To enable URLs as dynamic configuration sources, define System property archaius.configurationSource.additionalUrls or make config.properties available on classpath.
2018-06-29 15:41:49.495 INFO  com.netflix.config.sources.URLConfigurationSource Line:122 - To enable URLs as dynamic configuration sources, define System property archaius.configurationSource.additionalUrls or make config.properties available on classpath.
2018-06-29 15:41:49.528 INFO  org.springframework.boot.autoconfigure.logging.ConditionEvaluationReportLoggingListener Line:101 - 

Error starting ApplicationContext. To display the conditions report re-run your application with 'debug' enabled.
